1646235001103	geckodriver	INFO	Listening on 127.0.0.1:56216
1646235004206	mozrunner::runner	INFO	Running command: "C:\\Program Files\\Mozilla Firefox\\firefox.exe" "--marionette" "--remote-debugging-port" "56217" "-no-remote" "-profile" "C:\\Users\\admin\\AppData\\Local\\Temp\\rust_mozprofileMYJPVO"
1646235005312	Marionette	INFO	Marionette enabled
console.warn: SearchSettings: "get: No settings file exists, new profile?" (new NotFoundError("Could not open the file at C:\\Users\\admin\\AppData\\Local\\Temp\\rust_mozprofileMYJPVO\\search.json.mozlz4", (void 0)))
DevTools listening on ws://localhost:56217/devtools/browser/d0c1890c-202c-4657-a406-fb04b2b52315
1646235009028	Marionette	INFO	Listening on port 56223
1646235009518	RemoteAgent	WARN	TLS certificate errors will be ignored for this session
console.warn: LoginRecipes: "getRecipes: falling back to a synchronous message for:" "https://www.linkedin.com"
console.warn: LoginRecipes: "getRecipes: falling back to a synchronous message for:" "https://www.linkedin.com"
console.warn: LoginRecipes: "getRecipes: falling back to a synchronous message for:" "https://www.linkedin.com"
JavaScript error: resource://gre/modules/AsyncShutdown.jsm, 1646235103070	mozrunner::runner	INFO	Running command: "C:\\Program Files\\Mozilla Firefox\\firefox.exe" "--marionette" "--remote-debugging-port" "56308" "-no-remote" "-profile" "C:\\Users\\admin\\AppData\\Local\\Temp\\rust_mozprofileCwjXLk"
1646235103950	Marionette	INFO	Marionette enabled
console.warn: SearchSettings: "get: No settings file exists, new profile?" (new NotFoundError("Could not open the file at C:\\Users\\admin\\AppData\\Local\\Temp\\rust_mozprofileCwjXLk\\search.json.mozlz4", (void 0)))
DevTools listening on ws://localhost:56308/devtools/browser/72d13ee8-5e61-49a7-a328-06d228772def
1646235107353	Marionette	INFO	Listening on port 56316
1646235107405	RemoteAgent	WARN	TLS certificate errors will be ignored for this session
console.warn: LoginRecipes: "getRecipes: falling back to a synchronous message for:" "https://www.linkedin.com"
console.warn: LoginRecipes: "getRecipes: falling back to a synchronous message for:" "https://www.linkedin.com"
console.warn: LoginRecipes: "getRecipes: falling back to a synchronous message for:" "https://www.linkedin.com"
JavaScript error: resource://gre/modules/AsyncShutdown.jsm, 1646235168696	mozrunner::runner	INFO	Running command: "C:\\Program Files\\Mozilla Firefox\\firefox.exe" "--marionette" "--remote-debugging-port" "56389" "-no-remote" "-profile" "C:\\Users\\admin\\AppData\\Local\\Temp\\rust_mozprofileZaT9uH"
1646235169779	Marionette	INFO	Marionette enabled
console.warn: SearchSettings: "get: No settings file exists, new profile?" (new NotFoundError("Could not open the file at C:\\Users\\admin\\AppData\\Local\\Temp\\rust_mozprofileZaT9uH\\search.json.mozlz4", (void 0)))
DevTools listening on ws://localhost:56389/devtools/browser/b96e0b55-57ef-4481-8dac-dfe95b2a3ad0
1646235173109	Marionette	INFO	Listening on port 56398
1646235173526	RemoteAgent	WARN	TLS certificate errors will be ignored for this session
console.warn: LoginRecipes: "getRecipes: falling back to a synchronous message for:" "https://www.linkedin.com"
console.warn: LoginRecipes: "getRecipes: falling back to a synchronous message for:" "https://www.linkedin.com"
console.warn: LoginRecipes: "getRecipes: falling back to a synchronous message for:" "https://www.linkedin.com"
console.warn: LoginRecipes: "getRecipes: falling back to a synchronous message for:" "https://www.linkedin.com"
console.warn: LoginRecipes: "getRecipes: falling back to a synchronous message for:" "https://www.linkedin.com"
console.warn: LoginRecipes: "getRecipes: falling back to a synchronous message for:" "https://www.linkedin.com"
JavaScript error: , line 0: uncaught exception: undefined
JavaScript error: resource://gre/modules/AsyncShutdown.jsm, line 575: NotFoundError: No such JSWindowActor 'DevToolsFrame'
JavaScript error: resource://gre/modules/AsyncShutdown.jsm, line 575: NotFoundError: No such JSWindowActor 'DevToolsFrame'
JavaScript error: resource://gre/modules/AsyncShutdown.jsm, line 575: NotFoundError: No such JSWindowActor 'DevToolsFrame'
1646235867140	Marionette	INFO	Stopped listening on port 56398
console.warn: TopSitesFeed: Failed to fetch data from Contile server: NetworkError when attempting to fetch resource.
", (void 0)))
DevTools listening on ws://localhost:52211/devtools/browser/a947af07-b723-4ab0-bcdd-a31df0ab584a
1646235329643	Marionette	INFO	Listening on port 52216
1646235329884	RemoteAgent	WARN	TLS certificate errors will be ignored for this session
console.warn: LoginRecipes: "getRecipes: falling back to a synchronous message for:" "https://www.linkedin.com"
console.warn: LoginRecipes: "getRecipes: falling back to a synchronous message for:" "https://www.linkedin.com"
console.warn: LoginRecipes: "getRecipes: falling back to a synchronous message for:" "https://www.linkedin.com"
JavaScript error: resource://gre/modules/AsyncShutdown.jsm, 1646235864663	mozrunner::runner	INFO	Running command: "C:\\Program Files\\Mozilla Firefox\\firefox.exe" "--marionette" "--remote-debugging-port" "52473" "-no-remote" "-profile" "C:\\Users\\admin\\AppData\\Local\\Temp\\rust_mozprofileUYrWwU"
1646235865588	Marionette	INFO	Marionette enabled
console.warn: SearchSettings: "get: No settings file exists, new profile?" (new NotFoundError("Could not open the file at C:\\Users\\admin\\AppData\\Local\\Temp\\rust_mozprofileUYrWwU\\search.json.mozlz4", (void 0)))
DevTools listening on ws://localhost:52473/devtools/browser/024895b8-76be-44a5-bb2a-36530d25620e
1646235868992	Marionette	INFO	Listening on port 52481
1646235869461	RemoteAgent	WARN	TLS certificate errors will be ignored for this session
console.warn: LoginRecipes: "getRecipes: falling back to a synchronous message for:" "https://www.linkedin.com"
console.warn: LoginRecipes: "getRecipes: falling back to a synchronous message for:" "https://www.linkedin.com"
console.warn: LoginRecipes: "getRecipes: falling back to a synchronous message for:" "https://www.linkedin.com"
JavaScript error: resource://gre/modules/AsyncShutdown.jsm, 1646235974152	mozrunner::runner	INFO	Running command: "C:\\Program Files\\Mozilla Firefox\\firefox.exe" "--marionette" "--remote-debugging-port" "52580" "-no-remote" "-profile" "C:\\Users\\admin\\AppData\\Local\\Temp\\rust_mozprofileDzWiNo"
1646235974882	Marionette	INFO	Marionette enabled
console.warn: SearchSettings: "get: No settings file exists, new profile?" (new NotFoundError("Could not open the file at C:\\Users\\admin\\AppData\\Local\\Temp\\rust_mozprofileDzWiNo\\search.json.mozlz4", (void 0)))
DevTools listening on ws://localhost:52580/devtools/browser/d3cf2267-1db2-4bcd-882d-81c55a6febf9
1646235978323	Marionette	INFO	Listening on port 52587
1646235978471	RemoteAgent	WARN	TLS certificate errors will be ignored for this session
console.warn: LoginRecipes: "getRecipes: falling back to a synchronous message for:" "https://www.linkedin.com"
console.warn: LoginRecipes: "getRecipes: falling back to a synchronous message for:" "https://www.linkedin.com"
console.warn: LoginRecipes: "getRecipes: falling back to a synchronous message for:" "https://www.linkedin.com"
1646236127629	geckodriver	INFO	Listening on 127.0.0.1:52706
1646236130724	mozrunner::runner	INFO	Running command: "C:\\Program Files\\Mozilla Firefox\\firefox.exe" "--marionette" "--remote-debugging-port" "52707" "-no-remote" "-profile" "C:\\Users\\admin\\AppData\\Local\\Temp\\rust_mozprofileOSUclo"
1646236131312	Marionette	INFO	Marionette enabled
console.warn: SearchSettings: "get: No settings file exists, new profile?" (new NotFoundError("Could not open the file at C:\\Users\\admin\\AppData\\Local\\Temp\\rust_mozprofileOSUclo\\search.json.mozlz4", (void 0)))
DevTools listening on ws://localhost:52707/devtools/browser/07ca3ab7-868e-4477-975d-833f8d2f6ce7
1646236134801	Marionette	INFO	Listening on port 52712
1646236134897	RemoteAgent	WARN	TLS certificate errors will be ignored for this session
console.warn: LoginRecipes: "getRecipes: falling back to a synchronous message for:" "https://www.linkedin.com"
console.warn: LoginRecipes: "getRecipes: falling back to a synchronous message for:" "https://www.linkedin.com"
console.warn: LoginRecipes: "getRecipes: falling back to a synchronous message for:" "https://www.linkedin.com"
1646236289907	geckodriver	INFO	Listening on 127.0.0.1:52809
1646236292980	mozrunner::runner	INFO	Running command: "C:\\Program Files\\Mozilla Firefox\\firefox.exe" "--marionette" "--remote-debugging-port" "52810" "-no-remote" "-profile" "C:\\Users\\admin\\AppData\\Local\\Temp\\rust_mozprofileDzjCNo"
1646236293538	Marionette	INFO	Marionette enabled
console.warn: SearchSettings: "get: No settings file exists, new profile?" (new NotFoundError("Could not open the file at C:\\Users\\admin\\AppData\\Local\\Temp\\rust_mozprofileDzjCNo\\search.json.mozlz4", (void 0)))
DevTools listening on ws://localhost:52810/devtools/browser/34e13528-070b-4318-aeed-26efde76e229
1646236296650	Marionette	INFO	Listening on port 52817
1646236297179	RemoteAgent	WARN	TLS certificate errors will be ignored for this session
console.warn: LoginRecipes: "getRecipes: falling back to a synchronous message for:" "https://www.linkedin.com"
console.warn: LoginRecipes: "getRecipes: falling back to a synchronous message for:" "https://www.linkedin.com"
console.warn: LoginRecipes: "getRecipes: falling back to a synchronous message for:" "https://www.linkedin.com"
1646236458125	geckodriver	INFO	Listening on 127.0.0.1:52903
1646236461237	mozrunner::runner	INFO	Running command: "C:\\Program Files\\Mozilla Firefox\\firefox.exe" "--marionette" "--remote-debugging-port" "52904" "-no-remote" "-profile" "C:\\Users\\admin\\AppData\\Local\\Temp\\rust_mozprofile8WGeCq"
1646236461891	Marionette	INFO	Marionette enabled
console.warn: SearchSettings: "get: No settings file exists, new profile?" (new NotFoundError("Could not open the file at C:\\Users\\admin\\AppData\\Local\\Temp\\rust_mozprofile8WGeCq\\search.json.mozlz4", (void 0)))
DevTools listening on ws://localhost:52904/devtools/browser/c9b3f51f-85a4-4c43-8f47-9459fcc943df
1646236464863	Marionette	INFO	Listening on port 52909
1646236464929	RemoteAgent	WARN	TLS certificate errors will be ignored for this session
console.warn: LoginRecipes: "getRecipes: falling back to a synchronous message for:" "https://www.linkedin.com"
console.warn: LoginRecipes: "getRecipes: falling back to a synchronous message for:" "https://www.linkedin.com"
console.warn: LoginRecipes: "getRecipes: falling back to a synchronous message for:" "https://www.linkedin.com"
JavaScript error: resource://gre/modules/AsyncShutdown.jsm, line 575: NotFoundError: No such JSWindowActor 'DevToolsFrame'
JavaScript error: resource://gre/modules/AsyncShutdown.jsm, line 575: NotFoundError: No such JSWindowActor 'DevToolsFrame'
1646236641761	Marionette	INFO	Stopped listening on port 52909
console.warn: TopSitesFeed: Failed to feconsole.warn: SearchSettings: "get: No settings file exists, new profile?" (new NotFoundError("Could not open the file at C:\\Users\\admin\\AppData\\Local\\Temp\\rust_mozprofileTAmPkI\\search.json.mozlz4", (void 0)))
DevTools listening on ws://localhost:59353/devtools/browser/da33630a-63a8-40a2-9a84-1d8f172799e6
1646236644876	Marionette	INFO	Listening on port 59358
1646236645129	RemoteAgent	WARN	TLS certificate errors will be ignored for this session
console.warn: LoginRecipes: "getRecipes: falling back to a synchronous message for:" "https://www.linkedin.com"
console.warn: LoginRecipes: "getRecipes: falling back to a synchronous message for:" "https://www.linkedin.com"
console.warn: LoginRecipes: "getRecipes: falling back to a synchronous message for:" "https://www.linkedin.com"
1646236692126	Marionette	INFO	Stopped listening on port 59358
console.warn: TopSitesFeed: Failed to fetch data from Contile server: NetworkError when attempting to fetch resource.

###!!! [Child][PContentChild] Error: Send(msgname=PHttpChannel::Msg_DeletingChannel) Channel closing: too late to send/recv, messages will be lost


###!!! [Child][PContentChild] Error: Send(msgname=PHttpChannel::Msg_Cancel) Channel closing: too late to send/recv, messages will be lost


###!!! [Child][PContentChild] Error: Send(msgname=PHttpChannel::Msg_DeletingChannel) Channel closing: too late to send/recv, messages will be lost


###!!! [Child][PContentChild] Error: RunMessage(msgname=PContent::Msg_DestroyBrowsingContextGroup) Channel closing: too late to send/recv, messages will be lost


###!!! [Childconsole.warn: LoginRecipes: "getRecipes: falling back to a synchronous message for:" "https://www.linkedin.com"
console.warn: LoginRecipes: "getRecipes: falling back to a synchronous message for:" "https://www.linkedin.com"
console.warn: LoginRecipes: "getRecipes: falling back to a synchronous message for:" "https://www.linkedin.com"
JavaScript error: resource://gre/modules/AsyncShutdown.jsm, line 575: NotFoundError: No such JSWindowActor 'DevToolsFrame'
JavaScript error: resource://gre/modules/AsyncShutdown.jsm, line 575: NotFoundError: No such JSWindowActor 'DevToolsFrame'
1646237499891	Marionette	INFO	Stopped listening on port 59490
console.warn: TopSitesFeed: Failed to feconsole.warn: SearchSettings: "get: No settings file exists, new profile?" (new NotFoundError("Could not open the file at C:\\Users\\admin\\AppData\\Local\\Temp\\rust_mozprofilepOcVNS\\search.json.mozlz4", (void 0)))
DevTools listening on ws://localhost:50173/devtools/browser/43c9498a-e0d4-429a-970e-1b6bf88ef178
1646237502972	Marionette	INFO	Listening on port 50178
1646237503228	RemoteAgent	WARN	TLS certificate errors will be ignored for this session
console.warn: LoginRecipes: "getRecipes: falling back to a synchronous message for:" "https://www.linkedin.com"
console.warn: LoginRecipes: "getRecipes: falling back to a synchronous message for:" "https://www.linkedin.com"
console.warn: LoginRecipes: "getRecipes: falling back to a synchronous message for:" "https://www.linkedin.com"
JavaScript error: resource://gre/modules/AsyncShutdown.jsm, line 575: NotFoundError: No such JSWindowActor 'DevToolsFrame'
JavaScript error: resource://gre/modules/AsyncShutdown.jsm, line 575: NotFoundError: No such JSWindowActor 'DevToolsFrame'
1646237798181	Marionette	INFO	Stopped listening on port 50178
console.warn: TopSitesFeed: Failed to feconsole.warn: SearchSettings: "get: No settings file exists, new profile?" (new NotFoundError("Could not open the file at C:\\Users\\admin\\AppData\\Local\\Temp\\rust_mozprofile4YPGU7\\search.json.mozlz4", (void 0)))
DevTools listening on ws://localhost:50323/devtools/browser/1b4a7b40-7463-425f-af59-8ba4720293d2
1646237799359	Marionette	INFO	Listening on port 50328
1646237799541	RemoteAgent	WARN	TLS certificate errors will be ignored for this session
console.warn: LoginRecipes: "getRecipes: falling back to a synchronous message for:" "https://www.linkedin.com"
console.warn: LoginRecipes: "getRecipes: falling back to a synchronous message for:" "https://www.linkedin.com"
console.warn: LoginRecipes: "getRecipes: falling back to a synchronous message for:" "https://www.linkedin.com"
JavaScript error: https://static-exp1.licdn.com/sc/h/61tty3xxa3wk4w3uv9xptlpwd, line 2: Error: A main button element must be provided to Collapsible
JavaScript error: https://static-exp1.licdn.com/sc/h/61tty3xxa3wk4w3uv9xptlpwd, line 2: Error: A main button element must be provided to Collapsible
JavaScript error: https://static-exp1.licdn.com/sc/h/61tty3xxa3wk4w3uv9xptlpwd, line 2: Error: A main button element must be provided to Collapsible
JavaScript error: https://static-exp1.licdn.com/sc/h/61tty3xxa3wk4w3uv9xptlpwd, line 2: Error: A main button element must be provided to Collapsible
JavaScript error: https://static-exp1.licdn.com/sc/h/61tty3xxa3wk4w3uv9xptlpwd, line 2: Error: A main button element must be provided to Collapsible
JavaScript error: https://static-exp1.licdn.com/sc/h/61tty3xxa3wk4w3uv9xptlpwd, line 2: Error: A main button element must be provided to Collapsible
JavaScript error: https://static-exp1.licdn.com/sc/h/61tty3xxa3wk4w3uv9xptlpwd, line 2: Error: A main button element must be provided to Collapsible
JavaScript error: https://static-exp1.licdn.com/sc/h/61tty3xxa3wk4w3uv9xptlpwd, line 2: Error: A main button element must be provided to Collapsible
JavaScript error: https://static-exp1.licdn.com/sc/h/61tty3xxa3wk4w3uv9xptlpwd, line 2: Error: A main button element must be provided to Collapsible
JavaScript error: https://static-exp1.licdn.com/sc/h/61tty3xxa3wk4w3uv9xptlpwd, line 2: Error: A main button element must be provided to Collapsible
JavaScript error: https://static-exp1.licdn.com/sc/h/61tty3xxa3wk4w3uv9xptlpwd, line 2: Error: A main button element must be provided to Collapsible
JavaScript error: https://static-exp1.licdn.com/sc/h/61tty3xxa3wk4w3uv9xptlpwd, line 2: Error: A main button element must be provided to Collapsible
JavaScript error: , line 0: TypeError: NetworkError when attempting to fetch resource.
JavaScript error: , line 0: TypeError: NetworkError when attempting to fetch resource.
JavaScript error: , line 0: TypeError: NetworkError when attempting to fetch resource.
JavaScript error: , line 0: TypeError: NetworkError when attempting to fetch resource.
JavaScript error: , line 0: TypeError: NetworkError when attempting to fetch resource.
JavaScript error: https://www.codegrepper.com/code-examples/whatever/selenium.common.exceptions.WebDriverException%3A+Message%3A+%27Downloads%27+executable+may+have+wrong+permissions., line 2451: SyntaxError: unexpected token: identifier
JavaScript error: https://www.codegrepper.com/code-examples/whatever/selenium.common.exceptions.WebDriverException%3A+Message%3A+%27Downloads%27+executable+may+have+wrong+permissions., line 3777: SyntaxError: unexpected token: identifier
JavaScript error: , line 0: uncaught exception: 7
JavaScript warning: https://pagead2.googlesyndication.com/bg/mF8jAiIKdU2I24lDkXEdvB6f9nJ-5cys-Upa-8ZRieM.js line 1 > eval line 4271 > eval line 1 > eval line 1 > eval, line 1: WEBGL_debug_renderer_info is deprecated in Firefox and will be removed. Please use RENDERER.
JavaScript warning: https://pagead2.googlesyndication.com/bg/mF8jAiIKdU2I24lDkXEdvB6f9nJ-5cys-Upa-8ZRieM.js line 1 > eval line 952 > eval line 1 > eval line 1 > eval, line 1: WEBGL_debug_renderer_info is deprecated in Firefox and will be removed. Please use RENDERER.
JavaScript warning: https://pagead2.googlesyndication.com/bg/mF8jAiIKdU2I24lDkXEdvB6f9nJ-5cys-Upa-8ZRieM.js line 1 > eval line 6715 > eval line 1 > eval line 1 > eval, line 1: WEBGL_debug_renderer_info is deprecated in Firefox and will be removed. Please use RENDERER.
JavaScript warning: https://pagead2.googlesyndication.com/bg/mF8jAiIKdU2I24lDkXEdvB6f9nJ-5cys-Upa-8ZRieM.js line 1 > eval line 1211 > eval line 1 > eval line 1 > eval, line 1: WEBGL_debug_renderer_info is deprecated in Firefox and will be removed. Please use RENDERER.
JavaScript warning: https://pixel.yabidos.com/flimpobj.js?cb=1646238650753&ver1=2.2.3&qid=83233313f553333313f513430313&rnd=lplxw2g6gepz&cid=1041 line 1 > eval, line 175: WEBGL_debug_renderer_info is deprecated in Firefox and will be removed. Please use RENDERER.
JavaScript error: , line 0: TypeError: NetworkError when attempting to fetch resource.
JavaScript error: , line 0: TypeError: NetworkError when attempting to fetch resource.
JavaScript warning: https://pagead2.googlesyndication.com/bg/mF8jAiIKdU2I24lDkXEdvB6f9nJ-5cys-Upa-8ZRieM.js line 1 > eval line 7010 > eval line 1 > eval line 1 > eval, line 1: WEBGL_debug_renderer_info is deprecated in Firefox and will be removed. Please use RENDERER.
JavaScript warning: https://pagead2.googlesyndication.com/bg/mF8jAiIKdU2I24lDkXEdvB6f9nJ-5cys-Upa-8ZRieM.js line 1 > eval line 7000 > eval line 1 > eval line 1 > eval, line 1: WEBGL_debug_renderer_info is deprecated in Firefox and will be removed. Please use RENDERER.
JavaScript error: , line 0: TypeError: NetworkError when attempting to fetch resource.
JavaScript error: , line 0: TypeError: NetworkError when attempting to fetch resource.
JavaScript warning: https://pagead2.googlesyndication.com/bg/mF8jAiIKdU2I24lDkXEdvB6f9nJ-5cys-Upa-8ZRieM.js line 1 > eval line 6603 > eval line 1 > eval line 1 > eval, line 1: WEBGL_debug_renderer_info is deprecated in Firefox and will be removed. Please use RENDERER.
JavaScript warning: https://pagead2.googlesyndication.com/bg/mF8jAiIKdU2I24lDkXEdvB6f9nJ-5cys-Upa-8ZRieM.js line 1 > eval line 1739 > eval line 1 > eval line 1 > eval, line 1: WEBGL_debug_renderer_info is deprecated in Firefox and will be removed. Please use RENDERER.
JavaScript error: , line 0: TypeError: NetworkError when attempting to fetch resource.
JavaScript error: , line 0: TypeError: NetworkError when attempting to fetch resource.
JavaScript warning: https://pagead2.googlesyndication.com/bg/mF8jAiIKdU2I24lDkXEdvB6f9nJ-5cys-Upa-8ZRieM.js line 1 > eval line 5120 > eval line 1 > eval line 1 > eval, line 1: WEBGL_debug_renderer_info is deprecated in Firefox and will be removed. Please use RENDERER.
JavaScript error: , line 0: TypeError: NetworkError when attempting to fetch resource.
JavaScript error: , line 0: TypeError: NetworkError when attempting to fetch resource.
JavaScript error: , line 0: TypeError: NetworkError when attempting to fetch resource.
JavaScript error: , line 0: TypeError: NetworkError when attempting to fetch resource.
JavaScript warning: https://pagead2.googlesyndication.com/bg/mF8jAiIKdU2I24lDkXEdvB6f9nJ-5cys-Upa-8ZRieM.js line 1 > eval line 4668 > eval line 1 > eval line 1 > eval, line 1: WEBGL_debug_renderer_info is deprecated in Firefox and will be removed. Please use RENDERER.
JavaScript error: , line 0: TypeError: NetworkError when attempting to fetch resource.

###!!! [Child][PContentChild] Error: RunMessage(msgname=PContent::Msg_DestroyBrowsingContextGroup) Channel closing: too late to send/recv, messages will be lost

JavaScript error: , line 0: TypeError: NetworkError when attempting to fetch resource.
JavaScript warning: https://pagead2.googlesyndication.com/bg/mF8jAiIKdU2I24lDkXEdvB6f9nJ-5cys-Upa-8ZRieM.js line 1 > eval line 3040 > eval line 1 > eval line 1 > eval, line 1: WEBGL_debug_renderer_info is deprecated in Firefox and will be removed. Please use RENDERER.
1646294910594	Marionette	INFO	Stopped listening on port 50328
console.warn: TopSitesFeed: Failed to fetch data from Contile server: NetworkError when attempting to fetch resource.
[Parent 25464, IPC I/O Parent] WARNING: file /builds/worker/checkouts/gecko/ipc/chromium/src/base/process_util_win.cc:167

###!!! [Parent][PGPUParent] Error: RunMessage(msgname=PGPU::Msg_ShutdownVR) Channel closing: too late to send/recv, messages will be lost

1646294965890	geckodriver	INFO	Listening on 127.0.0.1:56478
1646294969519	mozrunner::runner	INFO	Running command: "C:\\Program Files\\Mozilla Firefox\\firefox.exe" "--marionette" "--remote-debugging-port" "56479" "-no-remote" "-profile" "C:\\Users\\admin\\AppData\\Local\\Temp\\rust_mozprofileLRWJxU"
1646294975243	Marionette	INFO	Marionette enabled
console.warn: SearchSettings: "get: No settings file exists, new profile?" (new NotFoundError("Could not open the file at C:\\Users\\admin\\AppData\\Local\\Temp\\rust_mozprofileLRWJxU\\search.json.mozlz4", (void 0)))
DevTools listening on ws://localhost:56479/devtools/browser/1a036f9f-c3cb-4516-83ea-cfd61d49c4cc
1646294983548	Marionette	INFO	Listening on port 56488
1646294984020	RemoteAgent	WARN	TLS certificate errors will be ignored for this session
console.warn: LoginRecipes: "getRecipes: falling back to a synchronous message for:" "https://www.linkedin.com"
console.warn: LoginRecipes: "getRecipes: falling back to a synchronous message for:" "https://www.linkedin.com"
console.warn: LoginRecipes: "getRecipes: falling back to a synchronous message for:" "https://www.linkedin.com"
JavaScript error: https://static-exp1.licdn.com/sc/h/61tty3xxa3wk4w3uv9xptlpwd, line 2: Error: A main button element must be provided to Collapsible
JavaScript error: https://static-exp1.licdn.com/sc/h/6mzfdgdkyw015zjnbi8yad3ql, line 1: Error: POST request for /jobs-guest/api/ingraphs/counter has failed with status code 429
JavaScript error: https://static-exp1.licdn.com/sc/h/61tty3xxa3wk4w3uv9xptlpwd, line 2: Error: A main button element must be provided to Collapsible
1646295080067	Marionette	INFO	Stopped listening on port 56488
console.warn: TopSitesFeed: Failed to fetch data from Contile server: NetworkError when attempting to fetch resource.
1646295425886	geckodriver	INFO	Listening on 127.0.0.1:60461
1646295428936	mozrunner::runner	INFO	Running command: "C:\\Program Files\\Mozilla Firefox\\firefox.exe" "--marionette" "--remote-debugging-port" "60462" "-no-remote" "-profile" "C:\\Users\\admin\\AppData\\Local\\Temp\\rust_mozprofileNCT9XN"
1646295429660	Marionette	INFO	Marionette enabled
console.warn: SearchSettings: "get: No settings file exists, new profile?" (new NotFoundError("Could not open the file at C:\\Users\\admin\\AppData\\Local\\Temp\\rust_mozprofileNCT9XN\\search.json.mozlz4", (void 0)))
DevTools listening on ws://localhost:60462/devtools/browser/20af4f65-a17a-4329-bb5d-3cbffbfa4b52
1646295432832	Marionette	INFO	Listening on port 60467
1646295433126	RemoteAgent	WARN	TLS certificate errors will be ignored for this session
console.warn: LoginRecipes: "getRecipes: falling back to a synchronous message for:" "https://www.linkedin.com"
console.warn: LoginRecipes: "getRecipes: falling back to a synchronous message for:" "https://www.linkedin.com"
console.warn: LoginRecipes: "getRecipes: falling back to a synchronous message for:" "https://www.linkedin.com"
JavaScript error: https://static-exp1.licdn.com/sc/h/6mzfdgdkyw015zjnbi8yad3ql, line 1: TypeError: n.error is null
JavaScript error: https://platform.linkedin.com/litms/utag/jobs-guest-frontend/utag.js?cb=1646295300000, line 1: TypeError: utag is undefined
1646295502942	Marionette	INFO	Stopped listening on port 60467
console.warn: TopSitesFeed: Failed to fetch data from Contile server: NetworkError when attempting to fetch resource.

###!!! [Child][PContentChild] Error: Send(msgname=PHttpChannel::Msg_DeletingChannel) Channel closing: too late to send/recv, messages will be lost


###!!! [Child][console.warn: SearchSettings: "get: No settings file exists, new profile?" (new NotFoundError("Could not open the file at C:\\Users\\admin\\AppData\\Local\\Temp\\rust_mozprofilebgc1Ic\\search.json.mozlz4", (void 0)))
DevTools listening on ws://localhost:60565/devtools/browser/2e5d204b-0f3b-4f56-a67f-5585ebf69e5e
1646295505480	Marionette	INFO	Listening on port 60570
1646295505965	RemoteAgent	WARN	TLS certificate errors will be ignored for this session
console.warn: LoginRecipes: "getRecipes: falling back to a synchronous message for:" "https://www.linkedin.com"
console.warn: LoginRecipes: "getRecipes: falling back to a synchronous message for:" "https://www.linkedin.com"
console.warn: LoginRecipes: "getRecipes: falling back to a synchronous message for:" "https://www.linkedin.com"
1646295714667	geckodriver	INFO	Listening on 127.0.0.1:60687
1646295717728	mozrunner::runner	INFO	Running command: "C:\\Program Files\\Mozilla Firefox\\firefox.exe" "--marionette" "--remote-debugging-port" "60688" "-no-remote" "-profile" "C:\\Users\\admin\\AppData\\Local\\Temp\\rust_mozprofileDMMZ1X"
1646295718456	Marionette	INFO	Marionette enabled
console.warn: SearchSettings: "get: No settings file exists, new profile?" (new NotFoundError("Could not open the file at C:\\Users\\admin\\AppData\\Local\\Temp\\rust_mozprofileDMMZ1X\\search.json.mozlz4", (void 0)))
DevTools listening on ws://localhost:60688/devtools/browser/40bf1e91-e2d9-4f65-bff0-d8dcc99437cc
1646295721564	Marionette	INFO	Listening on port 60693
1646295721903	RemoteAgent	WARN	TLS certificate errors will be ignored for this session
console.warn: LoginRecipes: "getRecipes: falling back to a synchronous message for:" "https://www.linkedin.com"
console.warn: LoginRecipes: "getRecipes: falling back to a synchronous message for:" "https://www.linkedin.com"
console.warn: LoginRecipes: "getRecipes: falling back to a synchronous message for:" "https://www.linkedin.com"
1646295855012	geckodriver	INFO	Listening on 127.0.0.1:60804
1646295858105	mozrunner::runner	INFO	Running command: "C:\\Program Files\\Mozilla Firefox\\firefox.exe" "--marionette" "--remote-debugging-port" "60805" "-no-remote" "-profile" "C:\\Users\\admin\\AppData\\Local\\Temp\\rust_mozprofileQMLnNf"
1646295858786	Marionette	INFO	Marionette enabled
console.warn: SearchSettings: "get: No settings file exists, new profile?" (new NotFoundError("Could not open the file at C:\\Users\\admin\\AppData\\Local\\Temp\\rust_mozprofileQMLnNf\\search.json.mozlz4", (void 0)))
DevTools listening on ws://localhost:60805/devtools/browser/062029f8-1254-4dec-b122-06db26043fef
1646295861416	Marionette	INFO	Listening on port 60810
1646295861801	RemoteAgent	WARN	TLS certificate errors will be ignored for this session
console.warn: LoginRecipes: "getRecipes: falling back to a synchronous message for:" "https://www.linkedin.com"
console.warn: LoginRecipes: "getRecipes: falling back to a synchronous message for:" "https://www.linkedin.com"
console.warn: LoginRecipes: "getRecipes: falling back to a synchronous message for:" "https://www.linkedin.com"
JavaScript error: https://static-exp1.licdn.com/sc/h/61tty3xxa3wk4w3uv9xptlpwd, line 2: Error: A main button element must be provided to Collapsible
JavaScript error: https://static-exp1.licdn.com/sc/h/61tty3xxa3wk4w3uv9xptlpwd, line 2: Error: A main button element must be provided to Collapsible
JavaScript error: https://static-exp1.licdn.com/sc/h/6mzfdgdkyw015zjnbi8yad3ql, line 1: Error: POST request for /jobs-guest/api/ingraphs/gauge has failed with status code 429
JavaScript error: https://static-exp1.licdn.com/sc/h/6mzfdgdkyw015zjnbi8yad3ql, line 1: Error: POST request for /jobs-guest/api/ingraphs/counter has failed with status code 429
JavaScript warning: https://static-exp1.licdn.com/sc/h/1gi4xdyj14usaqv9gfen23d1o, line 2: WEBGL_debug_renderer_info is deprecated in Firefox and will be removed. Please use RENDERER.
JavaScript error: https://static-exp1.licdn.com/sc/h/6mzfdgdkyw015zjnbi8yad3ql, line 1: Error: POST request for /jobs-guest/api/ingraphs/gauge has failed with status code 429
JavaScript error: https://static-exp1.licdn.com/sc/h/61tty3xxa3wk4w3uv9xptlpwd, line 2: Error: A main button element must be provided to Collapsible
JavaScript warning: https://static-exp1.licdn.com/sc/h/1gi4xdyj14usaqv9gfen23d1o, line 2: WEBGL_debug_renderer_info is deprecated in Firefox and will be removed. Please use RENDERER.
JavaScript error: https://static-exp1.licdn.com/sc/h/61tty3xxa3wk4w3uv9xptlpwd, line 2: Error: A main button element must be provided to Collapsible
JavaScript error: https://static-exp1.licdn.com/sc/h/61tty3xxa3wk4w3uv9xptlpwd, line 2: Error: A main button element must be provided to Collapsible
JavaScript error: https://static-exp1.licdn.com/sc/h/61tty3xxa3wk4w3uv9xptlpwd, line 2: Error: A main button element must be provided to Collapsible
JavaScript warning: https://static-exp1.licdn.com/sc/h/1gi4xdyj14usaqv9gfen23d1o, line 2: WEBGL_debug_renderer_info is deprecated in Firefox and will be removed. Please use RENDERER.
JavaScript error: https://static-exp1.licdn.com/sc/h/61tty3xxa3wk4w3uv9xptlpwd, line 2: Error: A main button element must be provided to Collapsible
JavaScript error: https://static-exp1.licdn.com/sc/h/61tty3xxa3wk4w3uv9xptlpwd, line 2: Error: A main button element must be provided to Collapsible
JavaScript error: https://static-exp1.licdn.com/sc/h/6mzfdgdkyw015zjnbi8yad3ql, line 1: Error: POST request for /jobs-guest/api/ingraphs/gauge has failed with status code 429
JavaScript error: https://static-exp1.licdn.com/sc/h/6mzfdgdkyw015zjnbi8yad3ql, line 1: Error: POST request for /jobs-guest/api/ingraphs/counter has failed with status code 429
JavaScript warning: https://static-exp1.licdn.com/sc/h/1gi4xdyj14usaqv9gfen23d1o, line 2: WEBGL_debug_renderer_info is deprecated in Firefox and will be removed. Please use RENDERER.
JavaScript error: https://static-exp1.licdn.com/sc/h/6mzfdgdkyw015zjnbi8yad3ql, line 1: Error: POST request for /jobs-guest/api/ingraphs/counter has failed with status code 429
JavaScript error: https://static-exp1.licdn.com/sc/h/61tty3xxa3wk4w3uv9xptlpwd, line 2: Error: A main button element must be provided to Collapsible
JavaScript error: https://static-exp1.licdn.com/sc/h/6mzfdgdkyw015zjnbi8yad3ql, line 1: Error: POST request for /jobs-guest/api/ingraphs/counter has failed with status code 429
JavaScript error: https://static-exp1.licdn.com/sc/h/61tty3xxa3wk4w3uv9xptlpwd, line 2: Error: A main button element must be provided to Collapsible
JavaScript error: https://static-exp1.licdn.com/sc/h/61tty3xxa3wk4w3uv9xptlpwd, line 2: Error: A main button element must be provided to Collapsible
JavaScript error: https://static-exp1.licdn.com/sc/h/6mzfdgdkyw015zjnbi8yad3ql, line 1: Error: POST request for /jobs-guest/api/ingraphs/gauge has failed with status code 429
JavaScript error: https://static-exp1.licdn.com/sc/h/6mzfdgdkyw015zjnbi8yad3ql, line 1: Error: POST request for /jobs-guest/api/ingraphs/counter has failed with status code 429
JavaScript error: https://static-exp1.licdn.com/sc/h/6mzfdgdkyw015zjnbi8yad3ql, line 1: Error: POST request for /jobs-guest/api/ingraphs/counter has failed with status code 429
JavaScript error: https://static-exp1.licdn.com/sc/h/6mzfdgdkyw015zjnbi8yad3ql, line 1: Error: POST request for /jobs-guest/api/ingraphs/counter has failed with status code 429
JavaScript error: https://static-exp1.licdn.com/sc/h/6mzfdgdkyw015zjnbi8yad3ql, line 1: Error: POST request for /jobs-guest/api/ingraphs/gauge has failed with status code 429
1646297197639	Marionette	INFO	Stopped listening on port 60810
console.warn: TopSitesFeed: Failed to fetch data from Contile server: NetworkError when attempting to fetch resource.

###!!! [Child][PContentChild] Error: Send(msgname=PContent::Msg_GraphicsError) Channel closing: too late to send/recv, messages will be lost

[GFX1-]: Receive IPC close with reason=AbnormalShutdown
1646298427191	geckodriver	INFO	Listening on 127.0.0.1:63588
1646298430295	mozrunner::runner	INFO	Running command: "C:\\Program Files\\Mozilla Firefox\\firefox.exe" "--marionette" "--remote-debugging-port" "63589" "-no-remote" "-profile" "C:\\Users\\admin\\AppData\\Local\\Temp\\rust_mozprofile80wRTi"
1646298431119	Marionette	INFO	Marionette enabled
console.warn: SearchSettings: "get: No settings file exists, new profile?" (new NotFoundError("Could not open the file at C:\\Users\\admin\\AppData\\Local\\Temp\\rust_mozprofile80wRTi\\search.json.mozlz4", (void 0)))
DevTools listening on ws://localhost:63589/devtools/browser/045252c9-790c-45ba-8645-81ab3947deba
1646298434120	Marionette	INFO	Listening on port 63594
1646298434498	RemoteAgent	WARN	TLS certificate errors will be ignored for this session
console.warn: LoginRecipes: "getRecipes: falling back to a synchronous message for:" "https://www.linkedin.com"
console.warn: LoginRecipes: "getRecipes: falling back to a synchronous message for:" "https://www.linkedin.com"
console.warn: LoginRecipes: "getRecipes: falling back to a synchronous message for:" "https://www.linkedin.com"
JavaScript error: https://static-exp1.licdn.com/sc/h/6mzfdgdkyw015zjnbi8yad3ql, line 1: TypeError: n.error is null
JavaScript error: https://platform.linkedin.com/litms/utag/jobs-guest-frontend/utag.js?cb=1646298300000, line 1: TypeError: utag is undefined
JavaScript error: , line 0: uncaught exception: undefined
JavaScript error: , line 0: uncaught exception: undefined
1646298519339	Marionette	INFO	Stopped listening on port 63594
6298516327	mozrunner::runner	INFO	Running command: "C:\\Program Files\\Mozilla Firefox\\firefox.exe" "--marionette" "--remote-debugging-port" "63749" "-no-remote" "-profile" "C:\\Users\\admin\\AppData\\Local\\Temp\\rust_mozprofileZqenVC"
1646298517176	Marionette	INFO	Marionette enabled
console.warn: SearchSettings: "get: No settings file exists, new profile?" (new NotFoundError("Could not open the file at C:\\Users\\admin\\AppData\\Local\\Temp\\rust_mozprofileZqenVC\\search.json.mozlz4", (void 0)))
DevTools listening on ws://localhost:63749/devtools/browser/24774438-a723-471e-a22d-44a56ce7625e
1646298521012	Marionette	INFO	Listening on port 63754
1646298521154	RemoteAgent	WARN	TLS certificate errors will be ignored for this session
console.warn: LoginRecipes: "getRecipes: falling back to a synchronous message for:" "https://www.linkedin.com"
console.warn: LoginRecipes: "getRecipes: falling back to a synchronous message for:" "https://www.linkedin.com"
console.warn: LoginRecipes: "getRecipes: falling back to a synchronous message for:" "https://www.linkedin.com"
1646298727336	Marionette	INFO	Stopped listening on port 63754
console.warn: TopSitesFeed: Failed to fetch data from Contile server: NetworkError when attempting to fetch resource.
remote-debugging-port" "63855" "-no-remote" "-profile" "C:\\Users\\admin\\AppData\\Local\\Temp\\rust_mozprofiledKxuvg"
1646298562472	Marionette	INFO	Marionette enabled
console.warn: SearchSettings: "get: No settings file exists, new profile?" (new NotFoundError("Could not open the file at C:\\Users\\admin\\AppData\\Local\\Temp\\rust_mozprofiledKxuvg\\search.json.mozlz4", (void 0)))
DevTools listening on ws://localhost:63855/devtools/browser/79c5f4ef-70bf-4a1b-919c-ef1d855c59a1
1646298565687	Marionette	INFO	Listening on port 63860
1646298566106	RemoteAgent	WARN	TLS certificate errors will be ignored for this session
console.warn: LoginRecipes: "getRecipes: falling back to a synchronous message for:" "https://www.linkedin.com"
console.warn: LoginRecipes: "getRecipes: falling back to a synchronous message for:" "https://www.linkedin.com"
console.warn: LoginRecipes: "getRecipes: falling back to a synchronous message for:" "https://www.linkedin.com"
1646298658572	Marionette	INFO	Stopped listening on port 6386164console.warn: TopSitesFeed: Failed to fetch data from Contile server: NetworkError when attempting to fetch resource.
remote-debugging-port" "64072" "-no-remote" "-profile" "C:\\Users\\admin\\AppData\\Local\\Temp\\rust_mozprofilexUw7oA"
1646298660394	Marionette	INFO	Marionette enabled
console.warn: SearchSettings: "get: No settings file exists, new profile?" (new NotFoundError("Could not open the file at C:\\Users\\admin\\AppData\\Local\\Temp\\rust_mozprofilexUw7oA\\search.json.mozlz4", (void 0)))
DevTools listening on ws://localhost:64072/devtools/browser/3312119e-5dec-4b2f-aa08-c7ea0c868fe2
1646298663894	Marionette	INFO	Listening on port 64077
1646298664083	RemoteAgent	WARN	TLS certificate errors will be ignored for this session
console.warn: LoginRecipes: "getRecipes: falling back to a synchronous message for:" "https://www.linkedin.com"
console.warn: LoginRecipes: "getRecipes: falling back to a synchronous message for:" "https://www.linkedin.com"
console.warn: LoginRecipes: "getRecipes: falling back to a synchronous message for:" "https://www.linkedin.com"
JavaScript error: https://static-exp1.licdn.com/sc/h/6mzfdgdkyw015zjnbi8yad3ql, line 1: TypeError: n.error is null
JavaScript error: https://platform.linkedin.com/litms/utag/jobs-guest-frontend/utag.js?cb=1646298600000, line 1: TypeError: utag is undefined
console.warn: LoginRecipes: "getRecipes: falling back to a synchronous message for:" "https://www.linkedin.com"
console.warn: LoginRecipes: "getRecipes: falling back to a synchronous message for:" "https://www.linkedin.com"
console.warn: LoginRecipes: "getRecipes: falling back to a synchronous message for:" "https://www.linkedin.com"
1646298735494	Marionette	INFO	Stopped listening on port 64077

###!!! [Child][PContentChild] Error: RunMessage(msgname=PSessionStorageObserver::Msg_Observe) Channel closing: too late to send/recv, messages will be lost


###!!! [Parent][PContentParent] Error: Send(msgname=PContent::Msg_DestroyBrowsingContextGroup) Closed channel: cannot send/recv


###!!! [Child][PContentChild] Error: RunMessage(msgname=PHttpChannel::Msg_DeleteSelf) Channel closing: too late to send/recv, messages will be lost


###!!! [Child][PContentChild] Error: RunMessage(msgname=PContent::Reply_DiscardBrowsingContext) Channel closing: too late to send/recv, messages will be lost


###!!! [Child][PContentChild] Error: Send(msgname=PBrowser::Msg___delete__) Channel closing: too late to send/recv, messages will be loconsole.warn: LoginRecipes: "getRecipes: falling back to a synchronous message for:" "https://www.linkedin.com"
console.warn: LoginRecipes: "getRecipes: falling back to a synchronous message for:" "https://www.linkedin.com"
console.warn: LoginRecipes: "getRecipes: falling back to a synchronous message for:" "https://www.linkedin.com"
JavaScript error: https://static-exp1.licdn.com/sc/h/6mzfdgdkyw015zjnbi8yad3ql, line 1: Error: POST request for /jobs-guest/api/ingraphs/gauge has failed with status code 429
JavaScript error: https://static-exp1.licdn.com/sc/h/6mzfdgdkyw015zjnbi8yad3ql, line 1: Error: POST request for /jobs-guest/api/ingraphs/gauge has failed with status code 429
1646299517941	Marionette	INFO	Stopped listening on port 64205
console.warn: TopSitesFeed: Failed to fetch data from Contile server: NetworkError when attempting to fetch resource.
1646300098191	geckodriver	INFO	Listening on 127.0.0.1:59982
1646300101308	mozrunner::runner	INFO	Running command: "C:\\Program Files\\Mozilla Firefox\\firefox.exe" "--marionette" "--remote-debugging-port" "59983" "-no-remote" "-profile" "C:\\Users\\admin\\AppData\\Local\\Temp\\rust_mozprofilej0sMc7"
1646300102056	Marionette	INFO	Marionette enabled
console.warn: SearchSettings: "get: No settings file exists, new profile?" (new NotFoundError("Could not open the file at C:\\Users\\admin\\AppData\\Local\\Temp\\rust_mozprofilej0sMc7\\search.json.mozlz4", (void 0)))
DevTools listening on ws://localhost:59983/devtools/browser/5c42e994-4d1e-42bf-a3d8-c5cfe64e8321
1646300105292	Marionette	INFO	Listening on port 59988
1646300105511	RemoteAgent	WARN	TLS certificate errors will be ignored for this session
console.warn: LoginRecipes: "getRecipes: falling back to a synchronous message for:" "https://www.linkedin.com"
console.warn: LoginRecipes: "getRecipes: falling back to a synchronous message for:" "https://www.linkedin.com"
console.warn: LoginRecipes: "getRecipes: falling back to a synchronous message for:" "https://www.linkedin.com"
JavaScript error: https://static-exp1.licdn.com/sc/h/6mzfdgdkyw015zjnbi8yad3ql, line 1: Error: POST request for /jobs-guest/api/ingraphs/counter has failed with status code 429
JavaScript error: https://static-exp1.licdn.com/sc/h/6mzfdgdkyw015zjnbi8yad3ql, line 1: Error: POST request for /jobs-guest/api/ingraphs/counter has failed with status code 429
JavaScript warning: https://static-exp1.licdn.com/sc/h/1gi4xdyj14usaqv9gfen23d1o, line 2: WEBGL_debug_renderer_info is deprecated in Firefox and will be removed. Please use RENDERER.
JavaScript error: https://static-exp1.licdn.com/sc/h/6mzfdgdkyw015zjnbi8yad3ql, line 1: Error: POST request for /jobs-guest/api/ingraphs/counter has failed with status code 429
JavaScript error: https://static-exp1.licdn.com/sc/h/6mzfdgdkyw015zjnbi8yad3ql, line 1: Error: POST request for /jobs-guest/api/ingraphs/counter has failed with status code 429
1646300577813	Marionette	INFO	Stopped listening on port 59988
1646301805989	geckodriver	INFO	Listening on 127.0.0.1:52769
1646301809081	mozrunner::runner	INFO	Running command: "C:\\Program Files\\Mozilla Firefox\\firefox.exe" "--marionette" "--remote-debugging-port" "52770" "-no-remote" "-profile" "C:\\Users\\admin\\AppData\\Local\\Temp\\rust_mozprofilenHhYdI"
1646301809903	Marionette	INFO	Marionette enabled
console.warn: SearchSettings: "get: No settings file exists, new profile?" (new NotFoundError("Could not open the file at C:\\Users\\admin\\AppData\\Local\\Temp\\rust_mozprofilenHhYdI\\search.json.mozlz4", (void 0)))
DevTools listening on ws://localhost:52770/devtools/browser/c7bd0689-632b-4d43-992b-b3dbbeaf1aed
1646301813606	Marionette	INFO	Listening on port 52782
1646301813934	RemoteAgent	WARN	TLS certificate errors will be ignored for this session
console.warn: LoginRecipes: "getRecipes: falling back to a synchronous message for:" "https://www.linkedin.com"
console.warn: LoginRecipes: "getRecipes: falling back to a synchronous message for:" "https://www.linkedin.com"
console.warn: LoginRecipes: "getRecipes: falling back to a synchronous message for:" "https://www.linkedin.com"
JavaScript error: https://static-exp1.licdn.com/sc/h/6mzfdgdkyw015zjnbi8yad3ql, line 1: Error: POST request for /jobs-guest/api/ingraphs/gauge has failed with status code 429
JavaScript error: https://static-exp1.licdn.com/sc/h/61tty3xxa3wk4w3uv9xptlpwd, line 2: Error: A main button element must be provided to Collapsible
JavaScript error: https://static-exp1.licdn.com/sc/h/61tty3xxa3wk4w3uv9xptlpwd, line 2: Error: A main button element must be provided to Collapsible
JavaScript error: https://static-exp1.licdn.com/sc/h/61tty3xxa3wk4w3uv9xptlpwd, line 2: Error: A main button element must be provided to Collapsible
JavaScript error: https://freelance-france.com/wp-content/themes/listingpro/assets/js/drop-pin.js, line 54: ReferenceError: google is not defined
JavaScript warning: https://freelance-france.com/wp-content/themes/listingpro/assets/js/main-new.js, line 2467: unreachable code after return statement
JavaScript error: https://freelance-france.com/wp-content/themes/listingpro/assets/js/lp-gps.js, line 22: ReferenceError: google is not defined
JavaScript error: https://freelance-france.com/wp-content/themes/listingpro/assets/js/main-new.js, line 4336: ReferenceError: google is not defined
console.warn: LoginRecipes: "getRecipes: falling back to a synchronous message for:" "https://freelance-france.com"
console.warn: LoginRecipes: "getRecipes: falling back to a synchronous message for:" "https://freelance-france.com"
JavaScript error: resource://gre/modules/LoginManagerParent.jsm, line 136: TypeError: gRecipeManager is null
console.warn: LoginRecipes: "getRecipes: falling back to a synchronous message for:" "https://freelance-france.com"
JavaScript error: resource://gre/modules/LoginManagerParent.jsm, line 136: TypeError: gRecipeManager is null
console.warn: LoginRecipes: "getRecipes: falling back to a synchronous message for:" "https://freelance-france.com"
JavaScript error: resource://gre/modules/LoginManagerParent.jsm, line 136: TypeError: gRecipeManager is null
console.warn: LoginRecipes: "getRecipes: falling back to a synchronous message for:" "https://freelance-france.com"
JavaScript error: resource://gre/modules/LoginManagerParent.jsm, line 136: TypeError: gRecipeManager is null
console.warn: LoginRecipes: "getRecipes: falling back to a synchronous message for:" "https://freelance-france.com"
JavaScript error: resource://gre/modules/LoginManagerParent.jsm, line 136: TypeError: gRecipeManager is null
JavaScript error: https://freelance-france.com/wp-content/themes/listingpro/assets/js/drop-pin.js, line 54: ReferenceError: google is not defined
JavaScript warning: https://freelance-france.com/wp-content/themes/listingpro/assets/js/main-new.js, line 2467: unreachable code after return statement
JavaScript error: https://freelance-france.com/wp-content/themes/listingpro/assets/js/lp-gps.js, line 22: ReferenceError: google is not defined
JavaScript error: https://freelance-france.com/wp-content/themes/listingpro/assets/js/main-new.js, line 4336: ReferenceError: google is not defined
console.warn: LoginRecipes: "getRecipes: falling back to a synchronous message for:" "https://freelance-france.com"
JavaScript error: resource://gre/modules/LoginManagerParent.jsm, line 136: TypeError: gRecipeManager is null
console.warn: LoginRecipes: "getRecipes: falling back to a synchronous message for:" "https://freelance-france.com"
JavaScript error: resource://gre/modules/LoginManagerParent.jsm, line 136: TypeError: gRecipeManager is null
JavaScript error: https://freelance-france.com/wp-content/themes/listingpro/assets/js/drop-pin.js, line 54: ReferenceError: google is not defined
JavaScript warning: https://freelance-france.com/wp-content/themes/listingpro/assets/js/main-new.js, line 2467: unreachable code after return statement
JavaScript error: https://freelance-france.com/wp-content/themes/listingpro/assets/js/lp-gps.js, line 22: ReferenceError: google is not defined
JavaScript error: https://freelance-france.com/wp-content/themes/listingpro/assets/js/main-new.js, line 4336: ReferenceError: google is not defined
console.warn: LoginRecipes: "getRecipes: falling back to a synchronous message for:" "https://freelance-france.com"
JavaScript error: resource://gre/modules/LoginManagerParent.jsm, line 136: TypeError: gRecipeManager is null
console.warn: LoginRecipes: "getRecipes: falling back to a synchronous message for:" "https://freelance-france.com"
JavaScript error: resource://gre/modules/LoginManagerParent.jsm, line 136: TypeError: gRecipeManager is null
JavaScript error: https://freelance-france.com/wp-content/themes/listingpro/assets/js/drop-pin.js, line 54: ReferenceError: google is not defined
JavaScript warning: https://freelance-france.com/wp-content/themes/listingpro/assets/js/main-new.js, line 2467: unreachable code after return statement
JavaScript error: https://freelance-france.com/wp-content/themes/listingpro/assets/js/lp-gps.js, line 22: ReferenceError: google is not defined
JavaScript error: https://freelance-france.com/wp-content/themes/listingpro/assets/js/main-new.js, line 4336: ReferenceError: google is not defined
console.warn: LoginRecipes: "getRecipes: falling back to a synchronous message for:" "https://freelance-france.com"
JavaScript error: resource://gre/modules/LoginManagerParent.jsm, line 136: TypeError: gRecipeManager is null
console.warn: LoginRecipes: "getRecipes: falling back to a synchronous message for:" "https://freelance-france.com"
JavaScript error: resource://gre/modules/LoginManagerParent.jsm, line 136: TypeError: gRecipeManager is null
JavaScript error: https://freelance-france.com/wp-content/themes/listingpro/assets/js/drop-pin.js, line 54: ReferenceError: google is not defined
JavaScript error: https://freelance-france.com/wp-content/themes/listingpro/assets/js/lp-gps.js, line 22: ReferenceError: google is not defined
JavaScript error: https://freelance-france.com/wp-content/themes/listingpro/assets/js/main-new.js, line 4336: ReferenceError: google is not defined
console.warn: LoginRecipes: "getRecipes: falling back to a synchronous message for:" "https://freelance-france.com"
JavaScript error: resource://gre/modules/LoginManagerParent.jsm, line 136: TypeError: gRecipeManager is null
console.warn: LoginRecipes: "getRecipes: falling back to a synchronous message for:" "https://freelance-france.com"
JavaScript error: resource://gre/modules/LoginManagerParent.jsm, line 136: TypeError: gRecipeManager is null
JavaScript error: https://freelance-france.com/wp-content/themes/listingpro/assets/js/drop-pin.js, line 54: ReferenceError: google is not defined
JavaScript error: https://freelance-france.com/wp-content/themes/listingpro/assets/js/lp-gps.js, line 22: ReferenceError: google is not defined
JavaScript error: https://freelance-france.com/wp-content/themes/listingpro/assets/js/main-new.js, line 4336: ReferenceError: google is not defined
console.warn: LoginRecipes: "getRecipes: falling back to a synchronous message for:" "https://freelance-france.com"
JavaScript error: resource://gre/modules/LoginManagerParent.jsm, line 136: TypeError: gRecipeManager is null
console.warn: LoginRecipes: "getRecipes: falling back to a synchronous message for:" "https://freelance-france.com"
JavaScript error: resource://gre/modules/LoginManagerParent.jsm, line 136: TypeError: gRecipeManager is null
JavaScript error: https://freelance-france.com/wp-content/themes/listingpro/assets/js/drop-pin.js, line 54: ReferenceError: google is not defined
JavaScript error: https://freelance-france.com/wp-content/themes/listingpro/assets/js/lp-gps.js, line 22: ReferenceError: google is not defined
JavaScript error: https://freelance-france.com/wp-content/themes/listingpro/assets/js/main-new.js, line 4336: ReferenceError: google is not defined
console.warn: LoginRecipes: "getRecipes: falling back to a synchronous message for:" "https://freelance-france.com"
JavaScript error: resource://gre/modules/LoginManagerParent.jsm, line 136: TypeError: gRecipeManager is null
JavaScript error: https://freelance-france.com/wp-content/themes/listingpro/assets/js/drop-pin.js, line 54: ReferenceError: google is not defined
JavaScript error: https://freelance-france.com/wp-content/themes/listingpro/assets/js/lp-gps.js, line 22: ReferenceError: google is not defined
JavaScript error: https://freelance-france.com/wp-content/themes/listingpro/assets/js/main-new.js, line 4336: ReferenceError: google is not defined
console.warn: LoginRecipes: "getRecipes: falling back to a synchronous message for:" "https://freelance-france.com"
JavaScript error: resource://gre/modules/LoginManagerParent.jsm, line 136: TypeError: gRecipeManager is null
JavaScript error: https://freelance-france.com/wp-content/themes/listingpro/assets/js/drop-pin.js, line 54: ReferenceError: google is not defined
WARNING: At least one completion condition is taking too long to complete. Conditions: [{"name":"SessionStore: flushing all windows","state":{"total":1,"current":0},"filename":"resource:///modules/sessionstore/SessionStore.jsm","lineNumber":2057,"stack":["resource:///modules/sessionstore/SessionStore.jsm:ssi_onQuitApplicationGranted:2057","resource:///modules/sessionstore/SessionStore.jsm:ssi_observe:976"]}] Barrier: quit-application-granted
JavaScript error: resource:///modules/sessionstore/SessionStore.jsm, line 2069: TypeError: subject.QueryInterface is not a function
A content process crashed and MOZ_CRASHREPORTER_SHUTDOWN is set, shutting down
1646303732822	Marionette	INFO	Stopped listening on port 52782
1646305569237	geckodriver	INFO	Listening on 127.0.0.1:62244
1646305572296	mozrunner::runner	INFO	Running command: "C:\\Program Files\\Mozilla Firefox\\firefox.exe" "--marionette" "--remote-debugging-port" "62245" "-no-remote" "-profile" "C:\\Users\\admin\\AppData\\Local\\Temp\\rust_mozprofilebDKFIO"
1646305573030	Marionette	INFO	Marionette enabled
console.warn: SearchSettings: "get: No settings file exists, new profile?" (new NotFoundError("Could not open the file at C:\\Users\\admin\\AppData\\Local\\Temp\\rust_mozprofilebDKFIO\\search.json.mozlz4", (void 0)))
DevTools listening on ws://localhost:62245/devtools/browser/bd152bac-612a-4d97-ab38-746cc72232d7
1646305576289	Marionette	INFO	Listening on port 62250
1646305576491	RemoteAgent	WARN	TLS certificate errors will be ignored for this session
console.warn: LoginRecipes: "getRecipes: falling back to a synchronous message for:" "https://www.linkedin.com"
console.warn: LoginRecipes: "getRecipes: falling back to a synchronous message for:" "https://www.linkedin.com"
console.warn: LoginRecipes: "getRecipes: falling back to a synchronous message for:" "https://www.linkedin.com"
JavaScript error: https://static-exp1.licdn.com/sc/h/6mzfdgdkyw015zjnbi8yad3ql, line 1: TypeError: n.error is null
JavaScript error: https://platform.linkedin.com/litms/utag/jobs-guest-frontend/utag.js?cb=1646305500000, line 1: TypeError: utag is undefined
JavaScript error: https://static-exp1.licdn.com/sc/h/61tty3xxa3wk4w3uv9xptlpwd, line 2: Error: A main button element must be provided to Collapsible
JavaScript error: https://static-exp1.licdn.com/sc/h/61tty3xxa3wk4w3uv9xptlpwd, line 2: Error: A main button element must be provided to Collapsible
JavaScript error: https://static-exp1.licdn.com/sc/h/61tty3xxa3wk4w3uv9xptlpwd, line 2: Error: A main button element must be provided to Collapsible
JavaScript error: https://static-exp1.licdn.com/sc/h/61tty3xxa3wk4w3uv9xptlpwd, line 2: Error: A main button element must be provided to Collapsible
JavaScript error: https://static-exp1.licdn.com/sc/h/61tty3xxa3wk4w3uv9xptlpwd, line 2: Error: A main button element must be provided to Collapsible
JavaScript warning: https://static-exp1.licdn.com/sc/h/1gi4xdyj14usaqv9gfen23d1o, line 2: WEBGL_debug_renderer_info is deprecated in Firefox and will be removed. Please use RENDERER.
JavaScript error: https://static-exp1.licdn.com/sc/h/61tty3xxa3wk4w3uv9xptlpwd, line 2: Error: A main button element must be provided to Collapsible
JavaScript error: https://static-exp1.licdn.com/sc/h/61tty3xxa3wk4w3uv9xptlpwd, line 2: Error: A main button element must be provided to Collapsible
JavaScript error: https://static-exp1.licdn.com/sc/h/61tty3xxa3wk4w3uv9xptlpwd, line 2: Error: A main button element must be provided to Collapsible
JavaScript error: https://static-exp1.licdn.com/sc/h/61tty3xxa3wk4w3uv9xptlpwd, line 2: Error: A main button element must be provided to Collapsible
JavaScript error: https://static-exp1.licdn.com/sc/h/6mzfdgdkyw015zjnbi8yad3ql, line 1: Error: POST request for /jobs-guest/api/ingraphs/counter has failed with status code 429
JavaScript error: https://static-exp1.licdn.com/sc/h/6mzfdgdkyw015zjnbi8yad3ql, line 1: Error: POST request for /jobs-guest/api/ingraphs/counter has failed with status code 429
JavaScript error: https://static-exp1.licdn.com/sc/h/6mzfdgdkyw015zjnbi8yad3ql, line 1: Error: POST request for /jobs-guest/api/ingraphs/counter has failed with status code 429
JavaScript error: https://static-exp1.licdn.com/sc/h/6mzfdgdkyw015zjnbi8yad3ql, line 1: Error: POST request for /jobs-guest/api/ingraphs/gauge has failed with status code 429
JavaScript error: https://static-exp1.licdn.com/sc/h/6mzfdgdkyw015zjnbi8yad3ql, line 1: Error: POST request for /jobs-guest/api/ingraphs/counter has failed with status code 429
1646306525790	Marionette	INFO	Stopped listening on port 62250
console.warn: TopSitesFeed: Failed to fetch data from Contile server: NetworkError when attempting to fetch resource.
1646306584486	geckodriver	INFO	Listening on 127.0.0.1:59214
1646306587584	mozrunner::runner	INFO	Running command: "C:\\Program Files\\Mozilla Firefox\\firefox.exe" "--marionette" "--remote-debugging-port" "59215" "-no-remote" "-profile" "C:\\Users\\admin\\AppData\\Local\\Temp\\rust_mozprofilecZDCy2"
1646306588527	Marionette	INFO	Marionette enabled
console.warn: SearchSettings: "get: No settings file exists, new profile?" (new NotFoundError("Could not open the file at C:\\Users\\admin\\AppData\\Local\\Temp\\rust_mozprofilecZDCy2\\search.json.mozlz4", (void 0)))
DevTools listening on ws://localhost:59215/devtools/browser/5ee1c128-8266-4391-904c-c1053ed83565
1646306591792	Marionette	INFO	Listening on port 59220
1646306591897	RemoteAgent	WARN	TLS certificate errors will be ignored for this session
console.warn: LoginRecipes: "getRecipes: falling back to a synchronous message for:" "https://www.linkedin.com"
console.warn: LoginRecipes: "getRecipes: falling back to a synchronous message for:" "https://www.linkedin.com"
console.warn: LoginRecipes: "getRecipes: falling back to a synchronous message for:" "https://www.linkedin.com"
JavaScript error: https://static-exp1.licdn.com/sc/h/61tty3xxa3wk4w3uv9xptlpwd, line 2: Error: A main button element must be provided to Collapsible
JavaScript error: https://static-exp1.licdn.com/sc/h/6mzfdgdkyw015zjnbi8yad3ql, line 1: Error: POST request for /jobs-guest/api/ingraphs/gauge has failed with status code 429
JavaScript error: https://static-exp1.licdn.com/sc/h/6mzfdgdkyw015zjnbi8yad3ql, line 1: Error: POST request for /jobs-guest/api/ingraphs/gauge has failed with status code 429
JavaScript error: https://static-exp1.licdn.com/sc/h/6mzfdgdkyw015zjnbi8yad3ql, line 1: Error: POST request for /jobs-guest/api/ingraphs/counter has failed with status code 429
JavaScript error: https://static-exp1.licdn.com/sc/h/61tty3xxa3wk4w3uv9xptlpwd, line 2: Error: A main button element must be provided to Collapsible
JavaScript error: https://static-exp1.licdn.com/sc/h/6mzfdgdkyw015zjnbi8yad3ql, line 1: Error: POST request for /jobs-guest/api/ingraphs/gauge has failed with status code 429
JavaScript error: https://static-exp1.licdn.com/sc/h/6mzfdgdkyw015zjnbi8yad3ql, line 1: Error: POST request for /jobs-guest/api/ingraphs/counter has failed with status code 429
JavaScript error: https://static-exp1.licdn.com/sc/h/6mzfdgdkyw015zjnbi8yad3ql, line 1: Error: POST request for /jobs-guest/api/ingraphs/counter has failed with status code 429
JavaScript warning: https://static-exp1.licdn.com/sc/h/1gi4xdyj14usaqv9gfen23d1o, line 2: WEBGL_debug_renderer_info is deprecated in Firefox and will be removed. Please use RENDERER.
JavaScript error: https://static-exp1.licdn.com/sc/h/6mzfdgdkyw015zjnbi8yad3ql, line 1: Error: POST request for /jobs-guest/api/ingraphs/gauge has failed with status code 429
JavaScript error: https://static-exp1.licdn.com/sc/h/6mzfdgdkyw015zjnbi8yad3ql, line 1: Error: POST request for /jobs-guest/api/ingraphs/counter has failed with status code 429
JavaScript warning: https://static-exp1.licdn.com/sc/h/1gi4xdyj14usaqv9gfen23d1o, line 2: WEBGL_debug_renderer_info is deprecated in Firefox and will be removed. Please use RENDERER.
JavaScript error: https://static-exp1.licdn.com/sc/h/6mzfdgdkyw015zjnbi8yad3ql, line 1: Error: POST request for /jobs-guest/api/ingraphs/counter has failed with status code 429
JavaScript warning: https://static-exp1.licdn.com/sc/h/1gi4xdyj14usaqv9gfen23d1o, line 2: WEBGL_debug_renderer_info is deprecated in Firefox and will be removed. Please use RENDERER.
JavaScript error: https://static-exp1.licdn.com/sc/h/61tty3xxa3wk4w3uv9xptlpwd, line 2: Error: A main button element must be provided to Collapsible
1646307646759	Marionette	INFO	Stopped listening on port 59220
console.warn: TopSitesFeed: Failed to fetch data from Contile server: NetworkError when attempting to fetch resource.

###!!! [Parent][PGPUParent] Error: RunMessage(msgname=PGPU::Msg_ShutdownVR) Channel closing: too late to send/recv, messages will be lost

1646312855884	geckodriver	INFO	Listening on 127.0.0.1:49162
1646312858977	mozrunner::runner	INFO	Running command: "C:\\Program Files\\Mozilla Firefox\\firefox.exe" "--marionette" "--remote-debugging-port" "49163" "-no-remote" "-profile" "C:\\Users\\admin\\AppData\\Local\\Temp\\rust_mozprofilelJMhqC"
1646312859566	Marionette	INFO	Marionette enabled
console.warn: SearchSettings: "get: No settings file exists, new profile?" (new NotFoundError("Could not open the file at C:\\Users\\admin\\AppData\\Local\\Temp\\rust_mozprofilelJMhqC\\search.json.mozlz4", (void 0)))
DevTools listening on ws://localhost:49163/devtools/browser/a8f0af28-830e-4bc2-b9d5-131c05800fdb
1646312862356	Marionette	INFO	Listening on port 49168
1646312862657	RemoteAgent	WARN	TLS certificate errors will be ignored for this session
console.warn: LoginRecipes: "getRecipes: falling back to a synchronous message for:" "https://www.linkedin.com"
console.warn: LoginRecipes: "getRecipes: falling back to a synchronous message for:" "https://www.linkedin.com"
console.warn: LoginRecipes: "getRecipes: falling back to a synchronous message for:" "https://www.linkedin.com"
JavaScript error: https://static-exp1.licdn.com/sc/h/6mzfdgdkyw015zjnbi8yad3ql, line 1: Error: POST request for /jobs-guest/api/ingraphs/counter has failed with status code 429
JavaScript error: https://static-exp1.licdn.com/sc/h/6mzfdgdkyw015zjnbi8yad3ql, line 1: Error: POST request for /jobs-guest/api/ingraphs/counter has failed with status code 429
1646313190030	Marionette	INFO	Stopped listening on port 49168
[Parent 21640, IPC I/O Parent] WARNING: file /builds/worker/checkouts/gecko/ipc/chromium/src/base/process_util_win.cc:167
console.warn: TopSitesFeed: Failed to fetch data from Contile server: NetworkError when attempting to fetch resource.
1646313261499	geckodriver	INFO	Listening on 127.0.0.1:49712
1646313264590	mozrunner::runner	INFO	Running command: "C:\\Program Files\\Mozilla Firefox\\firefox.exe" "--marionette" "--remote-debugging-port" "49713" "-no-remote" "-profile" "C:\\Users\\admin\\AppData\\Local\\Temp\\rust_mozprofile0L5NyV"
1646313265170	Marionette	INFO	Marionette enabled
console.warn: SearchSettings: "get: No settings file exists, new profile?" (new NotFoundError("Could not open the file at C:\\Users\\admin\\AppData\\Local\\Temp\\rust_mozprofile0L5NyV\\search.json.mozlz4", (void 0)))
DevTools listening on ws://localhost:49713/devtools/browser/f578e291-86e0-4475-a07e-531803062f9d
1646313268087	Marionette	INFO	Listening on port 49718
1646313268288	RemoteAgent	WARN	TLS certificate errors will be ignored for this session
1646313300990	geckodriver	INFO	Listening on 127.0.0.1:49919
1646313304074	mozrunner::runner	INFO	Running command: "C:\\Program Files\\Mozilla Firefox\\firefox.exe" "--marionette" "--remote-debugging-port" "49920" "-no-remote" "-profile" "C:\\Users\\admin\\AppData\\Local\\Temp\\rust_mozprofile1KtuP5"
1646313304622	Marionette	INFO	Marionette enabled
console.warn: SearchSettings: "get: No settings file exists, new profile?" (new NotFoundError("Could not open the file at C:\\Users\\admin\\AppData\\Local\\Temp\\rust_mozprofile1KtuP5\\search.json.mozlz4", (void 0)))
DevTools listening on ws://localhost:49920/devtools/browser/7ca470ee-68d8-4f6c-af29-75e44aa2c187
1646313307842	Marionette	INFO	Listening on port 49925
1646313308254	RemoteAgent	WARN	TLS certificate errors will be ignored for this session
console.warn: LoginRecipes: "getRecipes: falling back to a synchronous message for:" "https://www.google.com"
JavaScript error: https://static-exp1.licdn.com/sc/h/6mzfdgdkyw015zjnbi8yad3ql, line 1: Error: POST request for /homepage-guest/api/ingraphs/gauge has failed with status code 429
console.warn: LoginRecipes: "getRecipes: falling back to a synchronous message for:" "https://fr.linkedin.com"
console.warn: LoginRecipes: "getRecipes: falling back to a synchronous message for:" "https://fr.linkedin.com"
console.warn: LoginRecipes: "getRecipes: falling back to a synchronous message for:" "https://fr.linkedin.com"
console.warn: LoginRecipes: "getRecipes: falling back to a synchronous message for:" "https://fr.linkedin.com"
console.warn: LoginRecipes: "getRecipes: falling back to a synchronous message for:" "https://fr.linkedin.com"
console.warn: LoginRecipes: "getRecipes: falling back to a synchronous message for:" "https://fr.linkedin.com"
console.warn: LoginRecipes: "getRecipes: falling back to a synchronous message for:" "https://fr.linkedin.com"
console.warn: LoginRecipes: "getRecipes: falling back to a synchronous message for:" "https://fr.linkedin.com"
console.warn: LoginRecipes: "getRecipes: falling back to a synchronous message for:" "https://fr.linkedin.com"
console.warn: LoginRecipes: "getRecipes: falling back to a synchronous message for:" "https://fr.linkedin.com"
console.warn: LoginRecipes: "getRecipes: falling back to a synchronous message for:" "https://fr.linkedin.com"
console.warn: LoginRecipes: "getRecipes: falling back to a synchronous message for:" "https://fr.linkedin.com"
console.warn: LoginRecipes: "getRecipes: falling back to a synchronous message for:" "https://fr.linkedin.com"
console.warn: LoginRecipes: "getRecipes: falling back to a synchronous message for:" "https://fr.linkedin.com"
JavaScript error: https://static-exp1.licdn.com/sc/h/6mzfdgdkyw015zjnbi8yad3ql, line 1: Error: POST request for /jobs-guest/api/ingraphs/gauge has failed with status code 429
JavaScript error: https://static-exp1.licdn.com/sc/h/6mzfdgdkyw015zjnbi8yad3ql, line 1: Error: POST request for /jobs-guest/api/ingraphs/counter has failed with status code 429
JavaScript error: https://static-exp1.licdn.com/sc/h/cz514oaq92w28ypp83e235n9k, line 2: Error: GET request for /jobs-guest/api/typeaheadHits?query=Agent%20Entretien has failed with status code 429
1646313440979	geckodriver	INFO	Listening on 127.0.0.1:50109
1646313444052	mozrunner::runner	INFO	Running command: "C:\\Program Files\\Mozilla Firefox\\firefox.exe" "--marionette" "--remote-debugging-port" "50110" "-no-remote" "-profile" "C:\\Users\\admin\\AppData\\Local\\Temp\\rust_mozprofileOo5kQg"
1646313444612	Marionette	INFO	Marionette enabled
console.warn: SearchSettings: "get: No settings file exists, new profile?" (new NotFoundError("Could not open the file at C:\\Users\\admin\\AppData\\Local\\Temp\\rust_mozprofileOo5kQg\\search.json.mozlz4", (void 0)))
DevTools listening on ws://localhost:50110/devtools/browser/4fd02b8e-533a-4af8-8dcf-77f315ff8044
1646313448012	Marionette	INFO	Listening on port 50115
1646313448252	RemoteAgent	WARN	TLS certificate errors will be ignored for this session
1646313460910	geckodriver	INFO	Listening on 127.0.0.1:50171
1646313463991	mozrunner::runner	INFO	Running command: "C:\\Program Files\\Mozilla Firefox\\firefox.exe" "--marionette" "--remote-debugging-port" "50172" "-no-remote" "-profile" "C:\\Users\\admin\\AppData\\Local\\Temp\\rust_mozprofileZEjH1A"
1646313464630	Marionette	INFO	Marionette enabled
console.warn: SearchSettings: "get: No settings file exists, new profile?" (new NotFoundError("Could not open the file at C:\\Users\\admin\\AppData\\Local\\Temp\\rust_mozprofileZEjH1A\\search.json.mozlz4", (void 0)))
DevTools listening on ws://localhost:50172/devtools/browser/b0e97a96-c463-4bea-9c9d-caead6802513
1646313467499	Marionette	INFO	Listening on port 50178
1646313467684	RemoteAgent	WARN	TLS certificate errors will be ignored for this session
console.warn: LoginRecipes: "getRecipes: falling back to a synchronous message for:" "https://www.linkedin.com"
console.warn: LoginRecipes: "getRecipes: falling back to a synchronous message for:" "https://www.linkedin.com"
console.warn: LoginRecipes: "getRecipes: falling back to a synchronous message for:" "https://www.linkedin.com"
JavaScript error: https://static-exp1.licdn.com/sc/h/61tty3xxa3wk4w3uv9xptlpwd, line 2: Error: A main button element must be provided to Collapsible
1646313700860	Marionette	INFO	Stopped listening on port 50178
console.warn: TopSitesFeed: Failed to fetch data from Contile server: NetworkError when attempting to fetch resource.

###!!! [Parent][PGPUParent] Error: RunMessage(msgname=PGPU::Msg_ShutdownVR) Channel closing: too late to send/recv, messages will be lost

1646313965167	geckodriver	INFO	Listening on 127.0.0.1:49753
1646313968288	mozrunner::runner	INFO	Running command: "C:\\Program Files\\Mozilla Firefox\\firefox.exe" "--marionette" "--remote-debugging-port" "49754" "-no-remote" "-profile" "C:\\Users\\admin\\AppData\\Local\\Temp\\rust_mozprofilerzhDpD"
1646313968885	Marionette	INFO	Marionette enabled
console.warn: SearchSettings: "get: No settings file exists, new profile?" (new NotFoundError("Could not open the file at C:\\Users\\admin\\AppData\\Local\\Temp\\rust_mozprofilerzhDpD\\search.json.mozlz4", (void 0)))
DevTools listening on ws://localhost:49754/devtools/browser/3c32fe98-cf23-4c9a-8b82-d44c14cf5ede
1646313971491	Marionette	INFO	Listening on port 49759
1646313971991	RemoteAgent	WARN	TLS certificate errors will be ignored for this session
console.warn: LoginRecipes: "getRecipes: falling back to a synchronous message for:" "https://www.linkedin.com"
console.warn: LoginRecipes: "getRecipes: falling back to a synchronous message for:" "https://www.linkedin.com"
console.warn: LoginRecipes: "getRecipes: falling back to a synchronous message for:" "https://www.linkedin.com"
JavaScript error: https://static-exp1.licdn.com/sc/h/6mzfdgdkyw015zjnbi8yad3ql, line 1: Error: POST request for /jobs-guest/api/ingraphs/counter has failed with status code 429
1646314557824	Marionette	INFO	Stopped listening on port 49759
console.warn: TopSitesFeed: Failed to fetch data from Contile server: NetworkError when attempting to fetch resource.

###!!! [Child][PContentChild] Error: RunMessage(msgname=PHttpChannel::Msg_DeleteSelf) Channel closing: too late to send/recv, messages will be lost

onette enabled
console.warn: SearchSettings: "get: No settings file exists, new profile?" (new NotFoundError("Could not open the file at C:\\Users\\admin\\AppData\\Local\\Temp\\rust_mozprofileDplvuj\\search.json.mozlz4", (void 0)))
DevTools listening on ws://localhost:57822/devtools/browser/4c5ac6e3-db20-4a14-a068-c2f102c86904
1646314498361	Marionette	INFO	Listening on port 57827
1646314498499	RemoteAgent	WARN	TLS certificate errors will be ignored for this session
console.warn: LoginRecipes: "getRecipes: falling back to a synchronous message for:" "https://www.linkedin.com"
console.warn: LoginRecipes: "getRecipes: falling back to a synchronous message for:" "https://www.linkedin.com"
console.warn: LoginRecipes: "getRecipes: falling back to a synchronous message for:" "https://www.linkedin.com"
JavaScript error: https://static-exp1.licdn.com/sc/h/6mzfdgdkyw015zjnbi8yad3ql, line 1: TypeError: n.error is null
JavaScript error: https://platform.linkedin.com/litms/utag/jobs-guest-frontend/utag.js?cb=1646314500000, line 1: TypeError: utag is undefined
JavaScript error: https://static-exp1.licdn.com/sc/h/61tty3xxa3wk4w3uv9xptlpwd, line 2: Error: A main button element must be provided to Collapsible
1646314588910	Marionette	INFO	Stopped listening on port 57827
console.warn: TopSitesFeed: Failed to fetch data from Contile server: NetworkError when attempting to fetch resource.

###!!! [Child][PContentChild] Error: Send(msgname=PHttpChannel::Msg_DeletingChannel) Channel closing: too late to send/recv, messages will be lost


###!!! [Child][PContentChild] Error: Send(msgname=PHttpChannel::Msg_Cancel) Channel closing: too late to send/recv, messages will be lost


###!!! [Child][PContentChild] Error: Send(msgname=PHttpChannel::Msg_DeletingChannel) Channel closing: too late to send/recv, messages will be lost


###!!! [Child][PContentChild] Error: RunMessage(msgname=PContent::Msg_DestroyBrowsingContextGroup) Channel closing: too late to send/recv, messages will be lost


###!!! [Child][PContentChild] Error: RunMessage(msgname=PContent::Reply_DiscardBrowsingContext) Channel closing: too late to send/recv, messages will be lost

1646315003338	geckodriver	INFO	Listening on 127.0.0.1:60746
1646315006421	mozrunner::runner	INFO	Running command: "C:\\Program Files\\Mozilla Firefox\\firefox.exe" "--marionette" "--remote-debugging-port" "60747" "-no-remote" "-profile" "C:\\Users\\admin\\AppData\\Local\\Temp\\rust_mozprofilewumNVI"
1646315007067	Marionette	INFO	Marionette enabled
console.warn: SearchSettings: "get: No settings file exists, new profile?" (new NotFoundError("Could not open the file at C:\\Users\\admin\\AppData\\Local\\Temp\\rust_mozprofilewumNVI\\search.json.mozlz4", (void 0)))
DevTools listening on ws://localhost:60747/devtools/browser/237da650-8003-4065-8609-da0817ab0dc3
1646315010244	Marionette	INFO	Listening on port 60753
1646315010618	RemoteAgent	WARN	TLS certificate errors will be ignored for this session
console.warn: LoginRecipes: "getRecipes: falling back to a synchronous message for:" "https://www.linkedin.com"
console.warn: LoginRecipes: "getRecipes: falling back to a synchronous message for:" "https://www.linkedin.com"
console.warn: LoginRecipes: "getRecipes: falling back to a synchronous message for:" "https://www.linkedin.com"
JavaScript error: https://static-exp1.licdn.com/sc/h/61tty3xxa3wk4w3uv9xptlpwd, line 2: Error: A main button element must be provided to Collapsible
JavaScript error: https://static-exp1.licdn.com/sc/h/61tty3xxa3wk4w3uv9xptlpwd, line 2: Error: A main button element must be provided to Collapsible
JavaScript error: https://static-exp1.licdn.com/sc/h/61tty3xxa3wk4w3uv9xptlpwd, line 2: Error: A main button element must be provided to Collapsible
JavaScript error: https://static-exp1.licdn.com/sc/h/61tty3xxa3wk4w3uv9xptlpwd, line 2: Error: A main button element must be provided to Collapsible
1646315210199	Marionette	INFO	Stopped listening on port 60753
console.warn: TopSitesFeed: Failed to fetch data from Contile server: NetworkError when attempting to fetch resource.
1646315541647	geckodriver	INFO	Listening on 127.0.0.1:50904
1646315544718	mozrunner::runner	INFO	Running command: "C:\\Program Files\\Mozilla Firefox\\firefox.exe" "--marionette" "--remote-debugging-port" "50905" "-no-remote" "-profile" "C:\\Users\\admin\\AppData\\Local\\Temp\\rust_mozprofileZxCCSf"
1646315545373	Marionette	INFO	Marionette enabled
console.warn: SearchSettings: "get: No settings file exists, new profile?" (new NotFoundError("Could not open the file at C:\\Users\\admin\\AppData\\Local\\Temp\\rust_mozprofileZxCCSf\\search.json.mozlz4", (void 0)))
DevTools listening on ws://localhost:50905/devtools/browser/717b4084-2639-4746-b219-f7a94126ebb4
1646315548424	Marionette	INFO	Listening on port 50910
1646315548889	RemoteAgent	WARN	TLS certificate errors will be ignored for this session
console.warn: LoginRecipes: "getRecipes: falling back to a synchronous message for:" "https://www.linkedin.com"
console.warn: LoginRecipes: "getRecipes: falling back to a synchronous message for:" "https://www.linkedin.com"
console.warn: LoginRecipes: "getRecipes: falling back to a synchronous message for:" "https://www.linkedin.com"
JavaScript error: https://static-exp1.licdn.com/sc/h/61tty3xxa3wk4w3uv9xptlpwd, line 2: Error: A main button element must be provided to Collapsible
JavaScript error: https://static-exp1.licdn.com/sc/h/61tty3xxa3wk4w3uv9xptlpwd, line 2: Error: A main button element must be provided to Collapsible
JavaScript error: https://static-exp1.licdn.com/sc/h/61tty3xxa3wk4w3uv9xptlpwd, line 2: Error: A main button element must be provided to Collapsible
1646315697849	Marionette	INFO	Stopped listening on port 50910
console.warn: TopSitesFeed: Failed to fetch data from Contile server: NetworkError when attempting to fetch resource.
1646316644084	geckodriver	INFO	Listening on 127.0.0.1:55075
1646316647147	mozrunner::runner	INFO	Running command: "C:\\Program Files\\Mozilla Firefox\\firefox.exe" "--marionette" "--remote-debugging-port" "55076" "-no-remote" "-profile" "C:\\Users\\admin\\AppData\\Local\\Temp\\rust_mozprofilefQGD8L"
1646316647690	Marionette	INFO	Marionette enabled
console.warn: SearchSettings: "get: No settings file exists, new profile?" (new NotFoundError("Could not open the file at C:\\Users\\admin\\AppData\\Local\\Temp\\rust_mozprofilefQGD8L\\search.json.mozlz4", (void 0)))
DevTools listening on ws://localhost:55076/devtools/browser/01493b48-0800-428f-b078-d58b15b6201e
1646316650755	Marionette	INFO	Listening on port 55082
1646316650828	RemoteAgent	WARN	TLS certificate errors will be ignored for this session
console.warn: LoginRecipes: "getRecipes: falling back to a synchronous message for:" "https://www.linkedin.com"
console.warn: LoginRecipes: "getRecipes: falling back to a synchronous message for:" "https://www.linkedin.com"
console.warn: LoginRecipes: "getRecipes: falling back to a synchronous message for:" "https://www.linkedin.com"
console.warn: LoginRecipes: "getRecipes: falling back to a synchronous message for:" "https://www.linkedin.com"
console.warn: LoginRecipes: "getRecipes: falling back to a synchronous message for:" "https://www.linkedin.com"
console.warn: LoginRecipes: "getRecipes: falling back to a synchronous message for:" "https://www.linkedin.com"
1646316709067	geckodriver	INFO	Listening on 127.0.0.1:55222
1646316712135	mozrunner::runner	INFO	Running command: "C:\\Program Files\\Mozilla Firefox\\firefox.exe" "--marionette" "--remote-debugging-port" "55223" "-no-remote" "-profile" "C:\\Users\\admin\\AppData\\Local\\Temp\\rust_mozprofileUehLuS"
1646316712787	Marionette	INFO	Marionette enabled
console.warn: SearchSettings: "get: No settings file exists, new profile?" (new NotFoundError("Could not open the file at C:\\Users\\admin\\AppData\\Local\\Temp\\rust_mozprofileUehLuS\\search.json.mozlz4", (void 0)))
DevTools listening on ws://localhost:55223/devtools/browser/e4025c22-b19d-47c6-b0d5-0b7f5affbc21
1646316716136	Marionette	INFO	Listening on port 55230
1646316716314	RemoteAgent	WARN	TLS certificate errors will be ignored for this session
console.warn: LoginRecipes: "getRecipes: falling back to a synchronous message for:" "https://www.linkedin.com"
console.warn: LoginRecipes: "getRecipes: falling back to a synchronous message for:" "https://www.linkedin.com"
console.warn: LoginRecipes: "getRecipes: falling back to a synchronous message for:" "https://www.linkedin.com"
JavaScript error: https://static-exp1.licdn.com/sc/h/61tty3xxa3wk4w3uv9xptlpwd, line 2: Error: A main button element must be provided to Collapsible
1646317335568	Marionette	INFO	Stopped listening on port 55230
console.warn: TopSitesFeed: Failed to fetch data from Contile server: NetworkError when attempting to fetch resource.
1646317412369	geckodriver	INFO	Listening on 127.0.0.1:56423
1646317415445	mozrunner::runner	INFO	Running command: "C:\\Program Files\\Mozilla Firefox\\firefox.exe" "--marionette" "--remote-debugging-port" "56424" "-no-remote" "-profile" "C:\\Users\\admin\\AppData\\Local\\Temp\\rust_mozprofileBfr3nA"
1646317416105	Marionette	INFO	Marionette enabled
console.warn: SearchSettings: "get: No settings file exists, new profile?" (new NotFoundError("Could not open the file at C:\\Users\\admin\\AppData\\Local\\Temp\\rust_mozprofileBfr3nA\\search.json.mozlz4", (void 0)))
DevTools listening on ws://localhost:56424/devtools/browser/40584d4c-657d-4e21-b724-55904dffd861
1646317419593	Marionette	INFO	Listening on port 56429
1646317419635	RemoteAgent	WARN	TLS certificate errors will be ignored for this session
console.warn: LoginRecipes: "getRecipes: falling back to a synchronous message for:" "https://www.linkedin.com"
console.warn: LoginRecipes: "getRecipes: falling back to a synchronous message for:" "https://www.linkedin.com"
console.warn: LoginRecipes: "getRecipes: falling back to a synchronous message for:" "https://www.linkedin.com"
JavaScript error: https://static-exp1.licdn.com/sc/h/6mzfdgdkyw015zjnbi8yad3ql, line 1: Error: POST request for /jobs-guest/api/ingraphs/counter has failed with status code 429
1646317991257	Marionette	INFO	Stopped listening on port 56429
console.warn: TopSitesFeed: Failed to fetch data from Contile server: NetworkError when attempting to fetch resource.
remote-debugging-port" "65033" "-no-remote" "-profile" "C:\\Users\\admin\\AppData\\Local\\Temp\\rust_mozprofilexU6OE6"
1646317921843	Marionette	INFO	Marionette enabled
console.warn: SearchSettings: "get: No settings file exists, new profile?" (new NotFoundError("Could not open the file at C:\\Users\\admin\\AppData\\Local\\Temp\\rust_mozprofilexU6OE6\\search.json.mozlz4", (void 0)))
DevTools listening on ws://localhost:65033/devtools/browser/1629a2df-5657-46fe-8175-3382558cd35c
1646317924800	Marionette	INFO	Listening on port 65041
1646317924889	RemoteAgent	WARN	TLS certificate errors will be ignored for this session
console.warn: LoginRecipes: "getRecipes: falling back to a synchronous message for:" "https://www.linkedin.com"
console.warn: LoginRecipes: "getRecipes: falling back to a synchronous message for:" "https://www.linkedin.com"
console.warn: LoginRecipes: "getRecipes: falling back to a synchronous message for:" "https://www.linkedin.com"
JavaScript error: https://static-exp1.licdn.com/sc/h/61tty3xxa3wk4w3uv9xptlpwd, line 2: Error: A main button element must be provided to Collapsible
JavaScript error: https://static-exp1.licdn.com/sc/h/6mzfdgdkyw015zjnbi8yad3ql, line 1: Error: POST request for /jobs-guest/api/ingraphs/counter has failed with status code 429
JavaScript error: https://static-exp1.licdn.com/sc/h/6mzfdgdkyw015zjnbi8yad3ql, line 1: Error: POST request for /jobs-guest/api/ingraphs/counter has failed with status code 429
JavaScript error: https://static-exp1.licdn.com/sc/h/6mzfdgdkyw015zjnbi8yad3ql, line 1: Error: POST request for /jobs-guest/api/ingraphs/gauge has failed with status code 429
JavaScript error: https://static-exp1.licdn.com/sc/h/6mzfdgdkyw015zjnbi8yad3ql, line 1: Error: POST request for /jobs-guest/api/ingraphs/counter has failed with status code 429
JavaScript error: https://static-exp1.licdn.com/sc/h/6mzfdgdkyw015zjnbi8yad3ql, line 1: Error: POST request for /jobs-guest/api/ingraphs/gauge has failed with status code 429
JavaScript error: https://static-exp1.licdn.com/sc/h/6mzfdgdkyw015zjnbi8yad3ql, line 1: Error: POST request for /jobs-guest/api/ingraphs/counter has failed with status code 429
JavaScript error: https://static-exp1.licdn.com/sc/h/61tty3xxa3wk4w3uv9xptlpwd, line 2: Error: A main button element must be provided to Collapsible
console.warn: LoginRecipes: "getRecipes: falling back to a synchronous message for:" "https://www.linkedin.com"
console.warn: LoginRecipes: "getRecipes: falling back to a synchronous message for:" "https://www.linkedin.com"
console.warn: LoginRecipes: "getRecipes: falling back to a synchronous message for:" "https://www.linkedin.com"
JavaScript error: , line 0: uncaught exception: undefined
1646318564760	Marionette	INFO	Stopped listening on port 65041
console.warn: TopSitesFeed: Failed to fetch data from Contile server: NetworkError when attempting to fetch resource.
1646319761144	geckodriver	INFO	Listening on 127.0.0.1:56217
1646319764264	mozrunner::runner	INFO	Running command: "C:\\Program Files\\Mozilla Firefox\\firefox.exe" "--marionette" "--remote-debugging-port" "56218" "-no-remote" "-profile" "C:\\Users\\admin\\AppData\\Local\\Temp\\rust_mozprofileaEN5Ir"
1646319764820	Marionette	INFO	Marionette enabled
console.warn: SearchSettings: "get: No settings file exists, new profile?" (new NotFoundError("Could not open the file at C:\\Users\\admin\\AppData\\Local\\Temp\\rust_mozprofileaEN5Ir\\search.json.mozlz4", (void 0)))
DevTools listening on ws://localhost:56218/devtools/browser/8c13b638-6823-481e-9e62-07c8c481eda5
1646319767748	Marionette	INFO	Listening on port 56223
1646319767963	RemoteAgent	WARN	TLS certificate errors will be ignored for this session
console.warn: LoginRecipes: "getRecipes: falling back to a synchronous message for:" "https://www.linkedin.com"
console.warn: LoginRecipes: "getRecipes: falling back to a synchronous message for:" "https://www.linkedin.com"
console.warn: LoginRecipes: "getRecipes: falling back to a synchronous message for:" "https://www.linkedin.com"
JavaScript error: https://static-exp1.licdn.com/sc/h/61tty3xxa3wk4w3uv9xptlpwd, line 2: Error: A main button element must be provided to Collapsible
1646320014643	Marionette	INFO	Stopped listening on port 56223
console.warn: TopSitesFeed: Failed to fetch data from Contile server: NetworkError when attempting to fetch resource.

###!!! [Parent][PGPUParent] Error: RunMessage(msgname=PGPU::Msg_ShutdownVR) Channel closing: too late to send/recv, messages will be lost

1646323426999	geckodriver	INFO	Listening on 127.0.0.1:59314
1646323430069	mozrunner::runner	INFO	Running command: "C:\\Program Files\\Mozilla Firefox\\firefox.exe" "--marionette" "--remote-debugging-port" "59315" "-no-remote" "-profile" "C:\\Users\\admin\\AppData\\Local\\Temp\\rust_mozprofile1H0nYk"
1646323430669	Marionette	INFO	Marionette enabled
console.warn: SearchSettings: "get: No settings file exists, new profile?" (new NotFoundError("Could not open the file at C:\\Users\\admin\\AppData\\Local\\Temp\\rust_mozprofile1H0nYk\\search.json.mozlz4", (void 0)))
DevTools listening on ws://localhost:59315/devtools/browser/7fd79187-3642-4d34-af79-ed37c3dafd5a
1646323433240	Marionette	INFO	Listening on port 59323
1646323433745	RemoteAgent	WARN	TLS certificate errors will be ignored for this session
console.warn: LoginRecipes: "getRecipes: falling back to a synchronous message for:" "https://www.linkedin.com"
console.warn: LoginRecipes: "getRecipes: falling back to a synchronous message for:" "https://www.linkedin.com"
console.warn: LoginRecipes: "getRecipes: falling back to a synchronous message for:" "https://www.linkedin.com"
console.warn: LoginRecipes: "getRecipes: falling back to a synchronous message for:" "https://www.linkedin.com"
console.warn: LoginRecipes: "getRecipes: falling back to a synchronous message for:" "https://www.linkedin.com"
console.warn: LoginRecipes: "getRecipes: falling back to a synchronous message for:" "https://www.linkedin.com"
1646323495151	Marionette	INFO	Stopped listening on port 59323
console.warn: TopSitesFeed: Failed to fetch data from Contile server: NetworkError when attempting to fetch resource.
JavaScript error: chrome://remote/content/marionette/cert.js, line 55: NS_ERROR_NOT_AVAILABLE: Component returned failure code: 0x80040111 (NS_ERROR_NOT_AVAILABLE) [nsICertOverrideService.setDisableAllSecurityChecksAndLetAttackersInterceptMyData]
1646323543621	geckodriver	INFO	Listening on 127.0.0.1:59536
1646323548057	mozrunner::runner	INFO	Running command: "C:\\Program Files\\Mozilla Firefox\\firefox.exe" "--marionette" "--remote-debugging-port" "59537" "-no-remote" "-profile" "C:\\Users\\admin\\AppData\\Local\\Temp\\rust_mozprofilevHJgk0"
1646323548706	Marionette	INFO	Marionette enabled
console.warn: SearchSettings: "get: No settings file exists, new profile?" (new NotFoundError("Could not open the file at C:\\Users\\admin\\AppData\\Local\\Temp\\rust_mozprofilevHJgk0\\search.json.mozlz4", (void 0)))
DevTools listening on ws://localhost:59537/devtools/browser/1eddb206-6a0f-4dc6-88f2-543aae369299
1646323551800	Marionette	INFO	Listening on port 59548
1646323552225	RemoteAgent	WARN	TLS certificate errors will be ignored for this session
console.warn: LoginRecipes: "getRecipes: falling back to a synchronous message for:" "https://www.linkedin.com"
console.warn: LoginRecipes: "getRecipes: falling back to a synchronous message for:" "https://www.linkedin.com"
console.warn: LoginRecipes: "getRecipes: falling back to a synchronous message for:" "https://www.linkedin.com"
JavaScript error: https://static-exp1.licdn.com/sc/h/61tty3xxa3wk4w3uv9xptlpwd, line 2: Error: A main button element must be provided to Collapsible
JavaScript error: https://static-exp1.licdn.com/sc/h/61tty3xxa3wk4w3uv9xptlpwd, line 2: Error: A main button element must be provided to Collapsible
JavaScript error: https://static-exp1.licdn.com/sc/h/61tty3xxa3wk4w3uv9xptlpwd, line 2: Error: A main button element must be provided to Collapsible
JavaScript error: https://static-exp1.licdn.com/sc/h/61tty3xxa3wk4w3uv9xptlpwd, line 2: Error: A main button element must be provided to Collapsible
JavaScript error: https://static-exp1.licdn.com/sc/h/61tty3xxa3wk4w3uv9xptlpwd, line 2: Error: A main button element must be provided to Collapsible
JavaScript error: https://static-exp1.licdn.com/sc/h/61tty3xxa3wk4w3uv9xptlpwd, line 2: Error: A main button element must be provided to Collapsible
JavaScript error: https://static-exp1.licdn.com/sc/h/61tty3xxa3wk4w3uv9xptlpwd, line 2: Error: A main button element must be provided to Collapsible
JavaScript error: https://static-exp1.licdn.com/sc/h/61tty3xxa3wk4w3uv9xptlpwd, line 2: Error: A main button element must be provided to Collapsible
JavaScript error: https://static-exp1.licdn.com/sc/h/61tty3xxa3wk4w3uv9xptlpwd, line 2: Error: A main button element must be provided to Collapsible
JavaScript error: https://static-exp1.licdn.com/sc/h/61tty3xxa3wk4w3uv9xptlpwd, line 2: Error: A main button element must be provided to Collapsible
JavaScript error: https://static-exp1.licdn.com/sc/h/61tty3xxa3wk4w3uv9xptlpwd, line 2: Error: A main button element must be provided to Collapsible
JavaScript error: https://static-exp1.licdn.com/sc/h/61tty3xxa3wk4w3uv9xptlpwd, line 2: Error: A main button element must be provided to Collapsible
JavaScript error: https://static-exp1.licdn.com/sc/h/61tty3xxa3wk4w3uv9xptlpwd, line 2: Error: A main button element must be provided to Collapsible
JavaScript error: https://static-exp1.licdn.com/sc/h/6mzfdgdkyw015zjnbi8yad3ql, line 1: Error: POST request for /jobs-guest/api/ingraphs/counter has failed with status code 429
JavaScript error: https://static-exp1.licdn.com/sc/h/61tty3xxa3wk4w3uv9xptlpwd, line 2: Error: A main button element must be provided to Collapsible
JavaScript error: https://static-exp1.licdn.com/sc/h/61tty3xxa3wk4w3uv9xptlpwd, line 2: Error: A main button element must be provided to Collapsible
JavaScript error: https://static-exp1.licdn.com/sc/h/61tty3xxa3wk4w3uv9xptlpwd, line 2: Error: A main button element must be provided to Collapsible
JavaScript error: https://static-exp1.licdn.com/sc/h/6mzfdgdkyw015zjnbi8yad3ql, line 1: Error: POST request for /jobs-guest/api/ingraphs/gauge has failed with status code 429
JavaScript error: https://static-exp1.licdn.com/sc/h/6mzfdgdkyw015zjnbi8yad3ql, line 1: Error: POST request for /jobs-guest/api/ingraphs/counter has failed with status code 429
JavaScript error: https://static-exp1.licdn.com/sc/h/61tty3xxa3wk4w3uv9xptlpwd, line 2: Error: A main button element must be provided to Collapsible
JavaScript error: https://static-exp1.licdn.com/sc/h/6mzfdgdkyw015zjnbi8yad3ql, line 1: Error: POST request for /jobs-guest/api/ingraphs/gauge has failed with status code 429
JavaScript error: https://static-exp1.licdn.com/sc/h/6mzfdgdkyw015zjnbi8yad3ql, line 1: Error: POST request for /jobs-guest/api/ingraphs/counter has failed with status code 429
JavaScript warning: https://static-exp1.licdn.com/sc/h/1gi4xdyj14usaqv9gfen23d1o, line 2: WEBGL_debug_renderer_info is deprecated in Firefox and will be removed. Please use RENDERER.
JavaScript error: https://static-exp1.licdn.com/sc/h/61tty3xxa3wk4w3uv9xptlpwd, line 2: Error: A main button element must be provided to Collapsible
1646324170936	Marionette	INFO	Stopped listening on port 59548
console.warn: TopSitesFeed: Failed to fetch data from Contile server: NetworkError when attempting to fetch resource.

###!!! [Child][PContentChild] Error: Send(msgname=PHttpChannel::Msg_DeletingChannel) Channel closing: too late to send/recv, messages will be lost


###!!! [Child][PContentChild] Error: Send(msgname=PHttpChannel::Msg_Cancel) Channel closing: too late to send/recv, messages will be lost


###!!! [Child][PContentChild] Error: Send(msgname=PHttpChannel::Msg_DeletingChannel) Channel closing: too late to send/recv, messages will be lost


###!!! [Child][PContentChild] Error: RunMessage(msgname=PContent::Msg_DestroyBrowsingContextGroup) Channel closing: too late to send/recv, messages will be lost


###!!! [Child][PContentChild] Error: RunMessage(msgname=PContent::Reply_DiscardBrowsingContext) Channel closing: too late to send/recv, messages will be lost

1646325916940	geckodriver	INFO	Listening on 127.0.0.1:61774
1646325920015	mozrunner::runner	INFO	Running command: "C:\\Program Files\\Mozilla Firefox\\firefox.exe" "--marionette" "--remote-debugging-port" "61775" "-no-remote" "-profile" "C:\\Users\\admin\\AppData\\Local\\Temp\\rust_mozprofilerY7X8W"
1646325920684	Marionette	INFO	Marionette enabled
console.warn: SearchSettings: "get: No settings file exists, new profile?" (new NotFoundError("Could not open the file at C:\\Users\\admin\\AppData\\Local\\Temp\\rust_mozprofilerY7X8W\\search.json.mozlz4", (void 0)))
DevTools listening on ws://localhost:61775/devtools/browser/553692ce-a541-48e3-86d7-4c191cd89bd5
1646325923468	Marionette	INFO	Listening on port 61784
1646325923695	RemoteAgent	WARN	TLS certificate errors will be ignored for this session
console.warn: LoginRecipes: "getRecipes: falling back to a synchronous message for:" "https://www.linkedin.com"
console.warn: LoginRecipes: "getRecipes: falling back to a synchronous message for:" "https://www.linkedin.com"
console.warn: LoginRecipes: "getRecipes: falling back to a synchronous message for:" "https://www.linkedin.com"
JavaScript error: https://static-exp1.licdn.com/sc/h/6mzfdgdkyw015zjnbi8yad3ql, line 1: TypeError: n.error is null
JavaScript error: https://platform.linkedin.com/litms/utag/jobs-guest-frontend/utag.js?cb=1646325900000, line 1: TypeError: utag is undefined
JavaScript error: https://static-exp1.licdn.com/sc/h/6mzfdgdkyw015zjnbi8yad3ql, line 1: Error: POST request for /jobs-guest/api/ingraphs/counter has failed with status code 429
1646326466191	Marionette	INFO	Stopped listening on port 61784
console.warn: TopSitesFeed: Failed to fetch data from Contile server: NetworkError when attempting to fetch resource.
