1644330090900	geckodriver	INFO	Listening on 127.0.0.1:33813
1644330091805	mozrunner::runner	INFO	Running command: "/usr/bin/firefox" "--marionette" "-no-remote" "-profile" "/tmp/rust_mozprofileF3vAe3"
1644330094094	Marionette	INFO	Marionette enabled
console.warn: SearchSettings: "get: No settings file exists, new profile?" (new NotFoundError("Could not open the file at /tmp/rust_mozprofileF3vAe3/search.json.mozlz4", (void 0)))
1644330097661	Marionette	INFO	Listening on port 40443
1644330098094	RemoteAgent	WARN	TLS certificate errors will be ignored for this session
JavaScript error: resource://gre/modules/AsyncShutdown.jsm, line 575: NotFoundError: No such JSWindowActor 'DevToolsFrame'
1644330137569	Marionette	INFO	Stopped listening on port 40443
console.warn: TopSitesFeed: Failed to fetch data from Contile server: NetworkError when attempting to fetch resource.

###!!! [Parent][RunMessage] Error: Channel closing: too late to send/recv, messages will be lost

1644330141154	geckodriver	INFO	Listening on 127.0.0.1:46277
1644330141161	mozrunner::runner	INFO	Running command: "/usr/bin/firefox" "--marionette" "-no-remote" "-profile" "/tmp/rust_mozprofileYB7uIG"
1644330143232	Marionette	INFO	Marionette enabled
console.warn: SearchSettings: "get: No settings file exists, new profile?" (new NotFoundError("Could not open the file at /tmp/rust_mozprofileYB7uIG/search.json.mozlz4", (void 0)))
1644330145935	Marionette	INFO	Listening on port 40699
1644330146010	RemoteAgent	WARN	TLS certificate errors will be ignored for this session
1644330559535	Marionette	INFO	Stopped listening on port 40699
console.warn: TopSitesFeed: Failed to fetch data from Contile server: NetworkError when attempting to fetch resource.
1644330690615	geckodriver	INFO	Listening on 127.0.0.1:59231
1644330690623	mozrunner::runner	INFO	Running command: "/usr/bin/firefox" "--marionette" "-no-remote" "-profile" "/tmp/rust_mozprofileGxawpP"
1644330692406	Marionette	INFO	Marionette enabled
console.warn: SearchSettings: "get: No settings file exists, new profile?" (new NotFoundError("Could not open the file at /tmp/rust_mozprofileGxawpP/search.json.mozlz4", (void 0)))
1644330695546	Marionette	INFO	Listening on port 37683
1644330695661	RemoteAgent	WARN	TLS certificate errors will be ignored for this session
1644331583309	Marionette	INFO	Stopped listening on port 37683
console.warn: TopSitesFeed: Failed to fetch data from Contile server: NetworkError when attempting to fetch resource.
1644331588594	geckodriver	INFO	Listening on 127.0.0.1:60765
1644331588601	mozrunner::runner	INFO	Running command: "/usr/bin/firefox" "--marionette" "-no-remote" "-profile" "/tmp/rust_mozprofiletWoGsp"
1644331590495	Marionette	INFO	Marionette enabled
console.warn: SearchSettings: "get: No settings file exists, new profile?" (new NotFoundError("Could not open the file at /tmp/rust_mozprofiletWoGsp/search.json.mozlz4", (void 0)))
1644331593241	Marionette	INFO	Listening on port 44681
1644331593342	RemoteAgent	WARN	TLS certificate errors will be ignored for this session
1644331771348	Marionette	INFO	Stopped listening on port 44681
console.warn: TopSitesFeed: Failed to fetch data from Contile server: NetworkError when attempting to fetch resource.
1644332096770	geckodriver	INFO	Listening on 127.0.0.1:33491
1644332096776	mozrunner::runner	INFO	Running command: "/usr/bin/firefox" "--marionette" "-no-remote" "-profile" "/tmp/rust_mozprofileBGuOrm"
1644332098626	Marionette	INFO	Marionette enabled
console.warn: SearchSettings: "get: No settings file exists, new profile?" (new NotFoundError("Could not open the file at /tmp/rust_mozprofileBGuOrm/search.json.mozlz4", (void 0)))
1644332101463	Marionette	INFO	Listening on port 39387
1644332101514	RemoteAgent	WARN	TLS certificate errors will be ignored for this session
1644332145055	geckodriver	INFO	Listening on 127.0.0.1:57047
1644332145062	mozrunner::runner	INFO	Running command: "/usr/bin/firefox" "--marionette" "-no-remote" "-profile" "/tmp/rust_mozprofilebspA65"
1644332147037	Marionette	INFO	Marionette enabled
console.warn: SearchSettings: "get: No settings file exists, new profile?" (new NotFoundError("Could not open the file at /tmp/rust_mozprofilebspA65/search.json.mozlz4", (void 0)))
1644332149770	Marionette	INFO	Listening on port 39771
1644332149952	RemoteAgent	WARN	TLS certificate errors will be ignored for this session
1644332195965	Marionette	INFO	Stopped listening on port 39387
1644332196134	Marionette	INFO	Stopped listening on port 39771
console.warn: TopSitesFeed: Failed to fetch data from Contile server: NetworkError when attempting to fetch resource.
console.warn: TopSitesFeed: Failed to fetch data from Contile server: NetworkError when attempting to fetch resource.

###!!! [Parent][RunMessage] Error: Channel closing: too late to send/recv, messages will be lost

1644335632335	geckodriver	INFO	Listening on 127.0.0.1:46111
1644335632342	mozrunner::runner	INFO	Running command: "/usr/bin/firefox" "--marionette" "-no-remote" "-profile" "/tmp/rust_mozprofileQYOC8F"
1644335634162	Marionette	INFO	Marionette enabled
console.warn: SearchSettings: "get: No settings file exists, new profile?" (new NotFoundError("Could not open the file at /tmp/rust_mozprofileQYOC8F/search.json.mozlz4", (void 0)))
1644335636999	Marionette	INFO	Listening on port 43669
1644335637081	RemoteAgent	WARN	TLS certificate errors will be ignored for this session
1644335666046	Marionette	INFO	Stopped listening on port 43669
console.warn: TopSitesFeed: Failed to fetch data from Contile server: NetworkError when attempting to fetch resource.
1644335796027	geckodriver	INFO	Listening on 127.0.0.1:37161
1644335796035	mozrunner::runner	INFO	Running command: "/usr/bin/firefox" "--marionette" "-no-remote" "-profile" "/tmp/rust_mozprofile3ujv3v"
1644335798209	Marionette	INFO	Marionette enabled
console.warn: SearchSettings: "get: No settings file exists, new profile?" (new NotFoundError("Could not open the file at /tmp/rust_mozprofile3ujv3v/search.json.mozlz4", (void 0)))
1644335801008	Marionette	INFO	Listening on port 35187
1644335801074	RemoteAgent	WARN	TLS certificate errors will be ignored for this session
1644335808011	Marionette	INFO	Stopped listening on port 35187
console.warn: TopSitesFeed: Failed to fetch data from Contile server: NetworkError when attempting to fetch resource.
1644335931809	geckodriver	INFO	Listening on 127.0.0.1:59573
1644335931817	mozrunner::runner	INFO	Running command: "/usr/bin/firefox" "--marionette" "-no-remote" "-profile" "/tmp/rust_mozprofilet6mM0Z"
1644335933652	Marionette	INFO	Marionette enabled
console.warn: SearchSettings: "get: No settings file exists, new profile?" (new NotFoundError("Could not open the file at /tmp/rust_mozprofilet6mM0Z/search.json.mozlz4", (void 0)))
1644335936644	Marionette	INFO	Listening on port 36943
1644335936758	RemoteAgent	WARN	TLS certificate errors will be ignored for this session
1644335936805	geckodriver	INFO	Listening on 127.0.0.1:55321
1644335936810	mozrunner::runner	INFO	Running command: "/usr/bin/firefox" "--marionette" "-no-remote" "-profile" "/tmp/rust_mozprofileidMSeM"
1644335940418	Marionette	INFO	Marionette enabled
console.warn: SearchSettings: "get: No settings file exists, new profile?" (new NotFoundError("Could not open the file at /tmp/rust_mozprofileidMSeM/search.json.mozlz4", (void 0)))
1644335943172	Marionette	INFO	Listening on port 46881
1644335943971	RemoteAgent	WARN	TLS certificate errors will be ignored for this session
1644335974060	Marionette	INFO	Stopped listening on port 46881
console.warn: TopSitesFeed: Failed to fetch data from Contile server: NetworkError when attempting to fetch resource.

###!!! [Parent][RunMessage] Error: Channel closing: too late to send/recv, messages will be lost

1644335975422	Marionette	INFO	Stopped listening on port 36943
console.warn: TopSitesFeed: Failed to fetch data from Contile server: NetworkError when attempting to fetch resource.
1644336031590	geckodriver	INFO	Listening on 127.0.0.1:51975
1644336031598	mozrunner::runner	INFO	Running command: "/usr/bin/firefox" "--marionette" "-no-remote" "-profile" "/tmp/rust_mozprofileqHDElt"
1644336033490	Marionette	INFO	Marionette enabled
console.warn: SearchSettings: "get: No settings file exists, new profile?" (new NotFoundError("Could not open the file at /tmp/rust_mozprofileqHDElt/search.json.mozlz4", (void 0)))
1644336036351	Marionette	INFO	Listening on port 45105
1644336036566	RemoteAgent	WARN	TLS certificate errors will be ignored for this session
1644336042465	Marionette	INFO	Stopped listening on port 45105
console.warn: TopSitesFeed: Failed to fetch data from Contile server: NetworkError when attempting to fetch resource.
1644336055895	geckodriver	INFO	Listening on 127.0.0.1:53369
1644336055902	mozrunner::runner	INFO	Running command: "/usr/bin/firefox" "--marionette" "-no-remote" "-profile" "/tmp/rust_mozprofileLG2111"
1644336057715	Marionette	INFO	Marionette enabled
console.warn: SearchSettings: "get: No settings file exists, new profile?" (new NotFoundError("Could not open the file at /tmp/rust_mozprofileLG2111/search.json.mozlz4", (void 0)))
JavaScript error: resource://activity-stream/lib/ActivityStreamPrefs.jsm, line 27: NS_ERROR_ILLEGAL_VALUE: Component returned failure code: 0x80070057 (NS_ERROR_ILLEGAL_VALUE) [nsIPrefBranch.removeObserver]
console.log: "RemoteSettingsWorker error: Error: Can't import when we've started shutting down."
console.warn: TopSitesFeed: Failed to fetch data from Contile server: NetworkError when attempting to fetch resource.
JavaScript error: resource://activity-stream/lib/PlacesFeed.jsm, line 178: NS_ERROR_UNEXPECTED: Component returned failure code: 0x8000ffff (NS_ERROR_UNEXPECTED) [nsINavBookmarksService.addObserver]
JavaScript error: resource://gre/modules/JSONFile.jsm, line 138: AbortError: IOUtils.profileBeforeChange getter: IOUtils: profileBeforeChange phase has already finished
console.log: "RemoteSettingsWorker error: Error: Can't import when we've started shutting down."
console.log: "RemoteSettingsWorker error: Error: Can't import when we've started shutting down."
console.log: "RemoteSettingsWorker error: Error: Can't import when we've started shutting down."
console.error: "Could not load engine google@search.mozilla.org: [Exception... \"AddonManager is not initialized\"  nsresult: \"0xc1f30001 (NS_ERROR_NOT_INITIALIZED)\"  location: \"JS frame :: resource://gre/modules/AddonManager.jsm :: installBuiltinAddon :: line 2543\"  data: no]"
console.error: "Could not load engine amazondotcom@search.mozilla.org: [Exception... \"AddonManager is not initialized\"  nsresult: \"0xc1f30001 (NS_ERROR_NOT_INITIALIZED)\"  location: \"JS frame :: resource://gre/modules/AddonManager.jsm :: installBuiltinAddon :: line 2543\"  data: no]"
console.error: "Could not load engine wikipedia@search.mozilla.org: [Exception... \"AddonManager is not initialized\"  nsresult: \"0xc1f30001 (NS_ERROR_NOT_INITIALIZED)\"  location: \"JS frame :: resource://gre/modules/AddonManager.jsm :: installBuiltinAddon :: line 2543\"  data: no]"
console.error: "Could not load engine bing@search.mozilla.org: [Exception... \"AddonManager is not initialized\"  nsresult: \"0xc1f30001 (NS_ERROR_NOT_INITIALIZED)\"  location: \"JS frame :: resource://gre/modules/AddonManager.jsm :: installBuiltinAddon :: line 2543\"  data: no]"
console.error: "Could not load engine ddg@search.mozilla.org: [Exception... \"AddonManager is not initialized\"  nsresult: \"0xc1f30001 (NS_ERROR_NOT_INITIALIZED)\"  location: \"JS frame :: resource://gre/modules/AddonManager.jsm :: installBuiltinAddon :: line 2543\"  data: no]"
console.warn: SearchService: "_init: abandoning init due to shutting down"
JavaScript error: , line 0: uncaught exception: 2147500036
JavaScript error: , line 0: uncaught exception: 2147500036
JavaScript error: , line 0: uncaught exception: 2147500036
JavaScript error: , line 0: uncaught exception: 2147500036
JavaScript error: , line 0: uncaught exception: 2147500036
1644336230607	geckodriver	INFO	Listening on 127.0.0.1:46321
1644336230614	mozrunner::runner	INFO	Running command: "/usr/bin/firefox" "--marionette" "-no-remote" "-profile" "/tmp/rust_mozprofile97w3zS"
1644336232357	Marionette	INFO	Marionette enabled
console.warn: SearchSettings: "get: No settings file exists, new profile?" (new NotFoundError("Could not open the file at /tmp/rust_mozprofile97w3zS/search.json.mozlz4", (void 0)))
1644336235252	Marionette	INFO	Listening on port 34969
1644336235352	RemoteAgent	WARN	TLS certificate errors will be ignored for this session
1644336250245	Marionette	INFO	Stopped listening on port 34969
console.warn: TopSitesFeed: Failed to fetch data from Contile server: NetworkError when attempting to fetch resource.

###!!! [Parent][RunMessage] Error: Channel closing: too late to send/recv, messages will be lost

1644336845345	geckodriver	INFO	Listening on 127.0.0.1:59293
1644336845353	mozrunner::runner	INFO	Running command: "/usr/bin/firefox" "--marionette" "-no-remote" "-profile" "/tmp/rust_mozprofileTNeIuL"
1644336847141	Marionette	INFO	Marionette enabled
console.warn: SearchSettings: "get: No settings file exists, new profile?" (new NotFoundError("Could not open the file at /tmp/rust_mozprofileTNeIuL/search.json.mozlz4", (void 0)))
1644336849950	Marionette	INFO	Listening on port 41629
1644336849991	RemoteAgent	WARN	TLS certificate errors will be ignored for this session
1644336850231	Marionette	INFO	Stopped listening on port 41629
JavaScript error: resource://activity-stream/lib/ActivityStreamPrefs.jsm, line 27: NS_ERROR_ILLEGAL_VALUE: Component returned failure code: 0x80070057 (NS_ERROR_ILLEGAL_VALUE) [nsIPrefBranch.removeObserver]
console.warn: TopSitesFeed: Failed to fetch data from Contile server: NetworkError when attempting to fetch resource.
console.log: "RemoteSettingsWorker error: Error: Can't import when we've started shutting down."
console.log: "RemoteSettingsWorker error: Error: Can't import when we've started shutting down."
console.log: "RemoteSettingsWorker error: Error: Can't import when we've started shutting down."
console.log: "RemoteSettingsWorker error: Error: Can't import when we've started shutting down."
console.log: "RemoteSettingsWorker error: Error: Can't import when we've started shutting down."
console.error: "Could not load engine google@search.mozilla.org: [Exception... \"AddonManager is not initialized\"  nsresult: \"0xc1f30001 (NS_ERROR_NOT_INITIALIZED)\"  location: \"JS frame :: resource://gre/modules/AddonManager.jsm :: installBuiltinAddon :: line 2543\"  data: no]"
console.error: "Could not load engine amazondotcom@search.mozilla.org: [Exception... \"AddonManager is not initialized\"  nsresult: \"0xc1f30001 (NS_ERROR_NOT_INITIALIZED)\"  location: \"JS frame :: resource://gre/modules/AddonManager.jsm :: installBuiltinAddon :: line 2543\"  data: no]"
console.error: "Could not load engine wikipedia@search.mozilla.org: [Exception... \"AddonManager is not initialized\"  nsresult: \"0xc1f30001 (NS_ERROR_NOT_INITIALIZED)\"  location: \"JS frame :: resource://gre/modules/AddonManager.jsm :: installBuiltinAddon :: line 2543\"  data: no]"
console.error: "Could not load engine bing@search.mozilla.org: [Exception... \"AddonManager is not initialized\"  nsresult: \"0xc1f30001 (NS_ERROR_NOT_INITIALIZED)\"  location: \"JS frame :: resource://gre/modules/AddonManager.jsm :: installBuiltinAddon :: line 2543\"  data: no]"
console.error: "Could not load engine ddg@search.mozilla.org: [Exception... \"AddonManager is not initialized\"  nsresult: \"0xc1f30001 (NS_ERROR_NOT_INITIALIZED)\"  location: \"JS frame :: resource://gre/modules/AddonManager.jsm :: installBuiltinAddon :: line 2543\"  data: no]"
console.warn: SearchService: "_init: abandoning init due to shutting down"
JavaScript error: resource://gre/modules/AsyncShutdown.jsm, line 575: uncaught exception: 2147500036
JavaScript error: resource://gre/modules/AsyncShutdown.jsm, line 575: uncaught exception: 2147500036
JavaScript error: resource://gre/modules/AsyncShutdown.jsm, line 575: uncaught exception: 2147500036
JavaScript error: resource://gre/modules/AsyncShutdown.jsm, line 575: uncaught exception: 2147500036
JavaScript error: , line 0: uncaught exception: 2147500036
JavaScript error: resource://gre/modules/AsyncShutdown.jsm, line 718: Error: Phase "profile-before-change" is finished, it is too late to register completion condition "DoHController: clear state and remove observers"
JavaScript error: resource://gre/modules/CrashManager.jsm, line 828: AbortError: IOUtils: Shutting down and refusing additional I/O tasks
1644336911076	geckodriver	INFO	Listening on 127.0.0.1:47823
1644336911082	mozrunner::runner	INFO	Running command: "/usr/bin/firefox" "--marionette" "-no-remote" "-profile" "/tmp/rust_mozprofileXmMe7Y"
1644336912907	Marionette	INFO	Marionette enabled
console.warn: SearchSettings: "get: No settings file exists, new profile?" (new NotFoundError("Could not open the file at /tmp/rust_mozprofileXmMe7Y/search.json.mozlz4", (void 0)))
RunWatchdog: Mainthread nested event loops during hang: 
 --- (no nested event loop active)
1644336916026	Marionette	INFO	Listening on port 34841
ExceptionHandler::GenerateDump cloned child 20080
ExceptionHandler::SendContinueSignalToChild sent continue signal to child
ExceptionHandler::WaitForContinueSignal waiting for continue signal...
1644336916395	RemoteAgent	WARN	TLS certificate errors will be ignored for this session
1644336920540	Marionette	INFO	Stopped listening on port 34841
console.warn: TopSitesFeed: Failed to fetch data from Contile server: NetworkError when attempting to fetch resource.
1644336932568	geckodriver	INFO	Listening on 127.0.0.1:52987
1644336932576	mozrunner::runner	INFO	Running command: "/usr/bin/firefox" "--marionette" "-no-remote" "-profile" "/tmp/rust_mozprofilefe5Vyq"
1644336934395	Marionette	INFO	Marionette enabled
console.warn: SearchSettings: "get: No settings file exists, new profile?" (new NotFoundError("Could not open the file at /tmp/rust_mozprofilefe5Vyq/search.json.mozlz4", (void 0)))
1644336937145	Marionette	INFO	Listening on port 36549
1644336937214	RemoteAgent	WARN	TLS certificate errors will be ignored for this session
1644336937493	Marionette	INFO	Stopped listening on port 36549
JavaScript error: resource://gre/modules/JSONFile.jsm, line 186: Error: Data is not ready.
console.log: "RemoteSettingsWorker error: Error: Can't import when we've started shutting down."
console.log: "RemoteSettingsWorker error: Error: Can't import when we've started shutting down."
console.log: "RemoteSettingsWorker error: Error: Can't import when we've started shutting down."
console.log: "RemoteSettingsWorker error: Error: Can't import when we've started shutting down."
console.log: "RemoteSettingsWorker error: Error: Can't import when we've started shutting down."
console.error: "Could not load engine google@search.mozilla.org: [Exception... \"AddonManager is not initialized\"  nsresult: \"0xc1f30001 (NS_ERROR_NOT_INITIALIZED)\"  location: \"JS frame :: resource://gre/modules/AddonManager.jsm :: installBuiltinAddon :: line 2543\"  data: no]"
console.error: "Could not load engine amazondotcom@search.mozilla.org: [Exception... \"AddonManager is not initialized\"  nsresult: \"0xc1f30001 (NS_ERROR_NOT_INITIALIZED)\"  location: \"JS frame :: resource://gre/modules/AddonManager.jsm :: installBuiltinAddon :: line 2543\"  data: no]"
console.error: "Could not load engine wikipedia@search.mozilla.org: [Exception... \"AddonManager is not initialized\"  nsresult: \"0xc1f30001 (NS_ERROR_NOT_INITIALIZED)\"  location: \"JS frame :: resource://gre/modules/AddonManager.jsm :: installBuiltinAddon :: line 2543\"  data: no]"
console.error: "Could not load engine bing@search.mozilla.org: [Exception... \"AddonManager is not initialized\"  nsresult: \"0xc1f30001 (NS_ERROR_NOT_INITIALIZED)\"  location: \"JS frame :: resource://gre/modules/AddonManager.jsm :: installBuiltinAddon :: line 2543\"  data: no]"
console.error: "Could not load engine ddg@search.mozilla.org: [Exception... \"AddonManager is not initialized\"  nsresult: \"0xc1f30001 (NS_ERROR_NOT_INITIALIZED)\"  location: \"JS frame :: resource://gre/modules/AddonManager.jsm :: installBuiltinAddon :: line 2543\"  data: no]"
console.warn: SearchService: "_init: abandoning init due to shutting down"
JavaScript error: resource://gre/modules/AsyncShutdown.jsm, line 575: uncaught exception: 2147500036
JavaScript error: resource://gre/modules/AsyncShutdown.jsm, line 575: uncaught exception: 2147500036
JavaScript error: resource://gre/modules/AsyncShutdown.jsm, line 575: uncaught exception: 2147500036
JavaScript error: resource://gre/modules/AsyncShutdown.jsm, line 575: uncaught exception: 2147500036
JavaScript error: , line 0: uncaught exception: 2147500036
JavaScript error: , line 0: uncaught exception: 2147500036
JavaScript error: resource://gre/modules/AsyncShutdown.jsm, line 718: Error: Phase "profile-before-change" is finished, it is too late to register completion condition "DoHController: clear state and remove observers"
JavaScript error: resource://gre/modules/CrashManager.jsm, line 828: AbortError: IOUtils: Shutting down and refusing additional I/O tasks
RunWatchdog: Mainthread nested event loops during hang: 
 --- (no nested event loop active)
ExceptionHandler::GenerateDump cloned child ExceptionHandler::WaitForContinueSignal waiting for continue signal...
20513
ExceptionHandler::SendContinueSignalToChild sent continue signal to child
1644337354122	geckodriver	INFO	Listening on 127.0.0.1:33601
1644337354129	mozrunner::runner	INFO	Running command: "/usr/bin/firefox" "--marionette" "-no-remote" "-profile" "/tmp/rust_mozprofilekojvKt"
1644337355900	Marionette	INFO	Marionette enabled
console.warn: SearchSettings: "get: No settings file exists, new profile?" (new NotFoundError("Could not open the file at /tmp/rust_mozprofilekojvKt/search.json.mozlz4", (void 0)))
1644337358773	Marionette	INFO	Listening on port 43395
1644337358869	RemoteAgent	WARN	TLS certificate errors will be ignored for this session
console.warn: LoginRecipes: "getRecipes: falling back to a synchronous message for:" "https://www.monster.com"
console.warn: LoginRecipes: "getRecipes: falling back to a synchronous message for:" "https://www.monster.com"
console.warn: LoginRecipes: "getRecipes: falling back to a synchronous message for:" "https://www.monster.com"
console.warn: LoginRecipes: "getRecipes: falling back to a synchronous message for:" "https://www.monster.com"
SourceActor threw an exception: [Exception... "Component returned failure code: 0x80470002 (NS_BASE_STREAM_CLOSED) [nsIInputStream.available]"  nsresult: "0x80470002 (NS_BASE_STREAM_CLOSED)"  location: "JS frame :: resource://devtools/shared/DevToolsUtils.js :: onResponse :: line 567"  data: no]
Stack: onResponse@resource://devtools/shared/DevToolsUtils.js:567:34
onStopRequest@resource://gre/modules/NetUtil.jsm:128:18
Line: 567, column: 0
console.error: ({})
JavaScript error: resource://devtools/shared/DevToolsUtils.js, line 567: NS_BASE_STREAM_CLOSED: Component returned failure code: 0x80470002 (NS_BASE_STREAM_CLOSED) [nsIInputStream.available]
Exiting due to channel error.
Exiting due to channel error.
Exiting due to channel error.
1644337919423	geckodriver	INFO	Listening on 127.0.0.1:36945
1644337919434	mozrunner::runner	INFO	Running command: "/usr/bin/firefox" "--marionette" "-no-remote" "-profile" "/tmp/rust_mozprofileObJMTo"
1644337921115	Marionette	INFO	Marionette enabled
console.warn: SearchSettings: "get: No settings file exists, new profile?" (new NotFoundError("Could not open the file at /tmp/rust_mozprofileObJMTo/search.json.mozlz4", (void 0)))
1644337924025	Marionette	INFO	Listening on port 41079
1644337924352	RemoteAgent	WARN	TLS certificate errors will be ignored for this session
1644337972861	Marionette	INFO	Stopped listening on port 41079
console.warn: TopSitesFeed: Failed to fetch data from Contile server: NetworkError when attempting to fetch resource.

###!!! [Parent][RunMessage] Error: Channel closing: too late to send/recv, messages will be lost

1644338141351	geckodriver	INFO	Listening on 127.0.0.1:56303
1644338141362	mozrunner::runner	INFO	Running command: "/usr/bin/firefox" "--marionette" "-no-remote" "-profile" "/tmp/rust_mozprofileoq99Gj"
1644338143204	Marionette	INFO	Marionette enabled
console.warn: SearchSettings: "get: No settings file exists, new profile?" (new NotFoundError("Could not open the file at /tmp/rust_mozprofileoq99Gj/search.json.mozlz4", (void 0)))
1644338146026	Marionette	INFO	Listening on port 44901
1644338146098	RemoteAgent	WARN	TLS certificate errors will be ignored for this session
1644338232775	geckodriver	INFO	Listening on 127.0.0.1:37449
1644338232785	mozrunner::runner	INFO	Running command: "/usr/bin/firefox" "--marionette" "-no-remote" "-profile" "/tmp/rust_mozprofileZksecf"
1644338234577	Marionette	INFO	Marionette enabled
console.warn: SearchSettings: "get: No settings file exists, new profile?" (new NotFoundError("Could not open the file at /tmp/rust_mozprofileZksecf/search.json.mozlz4", (void 0)))
1644338237384	Marionette	INFO	Listening on port 39575
1644338237428	RemoteAgent	WARN	TLS certificate errors will be ignored for this session
1644338304787	Marionette	INFO	Stopped listening on port 39575
console.warn: TopSitesFeed: Failed to fetch data from Contile server: NetworkError when attempting to fetch resource.
1644338307470	Marionette	INFO	Stopped listening on port 44901
console.warn: TopSitesFeed: Failed to fetch data from Contile server: NetworkError when attempting to fetch resource.

###!!! [Parent][RunMessage] Error: Channel closing: too late to send/recv, messages will be lost

1644338311345	geckodriver	INFO	Listening on 127.0.0.1:50245
1644338311354	mozrunner::runner	INFO	Running command: "/usr/bin/firefox" "--marionette" "-no-remote" "-profile" "/tmp/rust_mozprofileJaN9te"
1644338313126	Marionette	INFO	Marionette enabled
console.warn: SearchSettings: "get: No settings file exists, new profile?" (new NotFoundError("Could not open the file at /tmp/rust_mozprofileJaN9te/search.json.mozlz4", (void 0)))
1644338315817	Marionette	INFO	Listening on port 36759
1644338315888	RemoteAgent	WARN	TLS certificate errors will be ignored for this session
1644338463697	geckodriver	INFO	Listening on 127.0.0.1:44555
1644338463706	mozrunner::runner	INFO	Running command: "/usr/bin/firefox" "--marionette" "-no-remote" "-profile" "/tmp/rust_mozprofileci4Psz"
1644338465530	Marionette	INFO	Marionette enabled
console.warn: SearchSettings: "get: No settings file exists, new profile?" (new NotFoundError("Could not open the file at /tmp/rust_mozprofileci4Psz/search.json.mozlz4", (void 0)))
1644338468500	Marionette	INFO	Listening on port 42999
1644338468541	RemoteAgent	WARN	TLS certificate errors will be ignored for this session
1644338471002	Marionette	INFO	Stopped listening on port 36759
console.warn: TopSitesFeed: Failed to fetch data from Contile server: NetworkError when attempting to fetch resource.

###!!! [Parent][RunMessage] Error: Channel closing: too late to send/recv, messages will be lost

1644338514481	Marionette	INFO	Stopped listening on port 42999
console.warn: TopSitesFeed: Failed to fetch data from Contile server: NetworkError when attempting to fetch resource.
1644338559007	geckodriver	INFO	Listening on 127.0.0.1:42241
1644338559017	mozrunner::runner	INFO	Running command: "/usr/bin/firefox" "--marionette" "-no-remote" "-profile" "/tmp/rust_mozprofileY3Ig7s"
1644338560971	Marionette	INFO	Marionette enabled
console.warn: SearchSettings: "get: No settings file exists, new profile?" (new NotFoundError("Could not open the file at /tmp/rust_mozprofileY3Ig7s/search.json.mozlz4", (void 0)))
1644338564124	Marionette	INFO	Listening on port 40987
1644338564169	RemoteAgent	WARN	TLS certificate errors will be ignored for this session
1644338581896	Marionette	INFO	Stopped listening on port 40987
console.warn: TopSitesFeed: Failed to fetch data from Contile server: NetworkError when attempting to fetch resource.

###!!! [Parent][RunMessage] Error: Channel closing: too late to send/recv, messages will be lost

1644338634648	geckodriver	INFO	Listening on 127.0.0.1:40803
1644338634659	mozrunner::runner	INFO	Running command: "/usr/bin/firefox" "--marionette" "-no-remote" "-profile" "/tmp/rust_mozprofileqtO1Az"
1644338636586	Marionette	INFO	Marionette enabled
console.warn: SearchSettings: "get: No settings file exists, new profile?" (new NotFoundError("Could not open the file at /tmp/rust_mozprofileqtO1Az/search.json.mozlz4", (void 0)))
1644338639573	Marionette	INFO	Listening on port 38343
1644338639698	RemoteAgent	WARN	TLS certificate errors will be ignored for this session
1644338666173	Marionette	INFO	Stopped listening on port 38343
console.warn: TopSitesFeed: Failed to fetch data from Contile server: NetworkError when attempting to fetch resource.
1644338772310	geckodriver	INFO	Listening on 127.0.0.1:38575
1644338772319	mozrunner::runner	INFO	Running command: "/usr/bin/firefox" "--marionette" "-no-remote" "-profile" "/tmp/rust_mozprofile9KxtOI"
1644338774156	Marionette	INFO	Marionette enabled
console.warn: SearchSettings: "get: No settings file exists, new profile?" (new NotFoundError("Could not open the file at /tmp/rust_mozprofile9KxtOI/search.json.mozlz4", (void 0)))
1644338777008	Marionette	INFO	Listening on port 34135
1644338777070	RemoteAgent	WARN	TLS certificate errors will be ignored for this session
1644338803862	Marionette	INFO	Stopped listening on port 34135
console.warn: TopSitesFeed: Failed to fetch data from Contile server: NetworkError when attempting to fetch resource.
1644338821867	geckodriver	INFO	Listening on 127.0.0.1:53825
1644338821877	mozrunner::runner	INFO	Running command: "/usr/bin/firefox" "--marionette" "-no-remote" "-profile" "/tmp/rust_mozprofileTswfVS"
1644338823878	Marionette	INFO	Marionette enabled
console.warn: SearchSettings: "get: No settings file exists, new profile?" (new NotFoundError("Could not open the file at /tmp/rust_mozprofileTswfVS/search.json.mozlz4", (void 0)))
1644338826903	Marionette	INFO	Listening on port 40303
1644338827017	RemoteAgent	WARN	TLS certificate errors will be ignored for this session
1644338850161	Marionette	INFO	Stopped listening on port 40303
console.warn: TopSitesFeed: Failed to fetch data from Contile server: NetworkError when attempting to fetch resource.
1644338888073	geckodriver	INFO	Listening on 127.0.0.1:38833
1644338888087	mozrunner::runner	INFO	Running command: "/usr/bin/firefox" "--marionette" "-no-remote" "-profile" "/tmp/rust_mozprofileqEO34p"
1644338889939	Marionette	INFO	Marionette enabled
console.warn: SearchSettings: "get: No settings file exists, new profile?" (new NotFoundError("Could not open the file at /tmp/rust_mozprofileqEO34p/search.json.mozlz4", (void 0)))
1644338892801	Marionette	INFO	Listening on port 46099
1644338892926	RemoteAgent	WARN	TLS certificate errors will be ignored for this session
1644339460215	Marionette	INFO	Stopped listening on port 46099
console.warn: TopSitesFeed: Failed to fetch data from Contile server: NetworkError when attempting to fetch resource.

###!!! [Parent][RunMessage] Error: Channel closing: too late to send/recv, messages will be lost

1644339463932	geckodriver	INFO	Listening on 127.0.0.1:56887
1644339463942	mozrunner::runner	INFO	Running command: "/usr/bin/firefox" "--marionette" "-no-remote" "-profile" "/tmp/rust_mozprofiletQv5sW"
1644339465859	Marionette	INFO	Marionette enabled
console.warn: SearchSettings: "get: No settings file exists, new profile?" (new NotFoundError("Could not open the file at /tmp/rust_mozprofiletQv5sW/search.json.mozlz4", (void 0)))
1644339468903	Marionette	INFO	Listening on port 38275
1644339468983	RemoteAgent	WARN	TLS certificate errors will be ignored for this session
console.warn: LoginRecipes: "getRecipes: falling back to a synchronous message for:" "https://www.monster.com"
SourceActor threw an exception: [Exception... "Component returned failure code: 0x80470002 (NS_BASE_STREAM_CLOSED) [nsIInputStream.available]"  nsresult: "0x80470002 (NS_BASE_STREAM_CLOSED)"  location: "JS frame :: resource://devtools/shared/DevToolsUtils.js :: onResponse :: line 567"  data: no]
Stack: onResponse@resource://devtools/shared/DevToolsUtils.js:567:34
onStopRequest@resource://gre/modules/NetUtil.jsm:128:18
Line: 567, column: 0
console.error: ({})
JavaScript error: resource://devtools/shared/DevToolsUtils.js, line 567: NS_BASE_STREAM_CLOSED: Component returned failure code: 0x80470002 (NS_BASE_STREAM_CLOSED) [nsIInputStream.available]
JavaScript error: resource://gre/modules/AsyncShutdown.jsm, line 575: NotFoundError: No such JSWindowActor 'DevToolsFrame'
1644339584579	Marionette	INFO	Stopped listening on port 38275

###!!! [Parent][RunMessage] Error: Channel closing: too late to send/recv, messages will be lost

1644339589073	geckodriver	INFO	Listening on 127.0.0.1:34357
1644339589085	mozrunner::runner	INFO	Running command: "/usr/bin/firefox" "--marionette" "-no-remote" "-profile" "/tmp/rust_mozprofileUiyZQl"
1644339590954	Marionette	INFO	Marionette enabled
console.warn: SearchSettings: "get: No settings file exists, new profile?" (new NotFoundError("Could not open the file at /tmp/rust_mozprofileUiyZQl/search.json.mozlz4", (void 0)))
1644339593689	Marionette	INFO	Listening on port 39795
1644339593723	RemoteAgent	WARN	TLS certificate errors will be ignored for this session
1644339619139	Marionette	INFO	Stopped listening on port 39795
console.warn: TopSitesFeed: Failed to fetch data from Contile server: NetworkError when attempting to fetch resource.
1644339639940	geckodriver	INFO	Listening on 127.0.0.1:46251
1644339639951	mozrunner::runner	INFO	Running command: "/usr/bin/firefox" "--marionette" "-no-remote" "-profile" "/tmp/rust_mozprofiledIdpRg"
1644339641824	Marionette	INFO	Marionette enabled
console.warn: SearchSettings: "get: No settings file exists, new profile?" (new NotFoundError("Could not open the file at /tmp/rust_mozprofiledIdpRg/search.json.mozlz4", (void 0)))
1644339644603	Marionette	INFO	Listening on port 43929
1644339644687	RemoteAgent	WARN	TLS certificate errors will be ignored for this session
1644339677050	geckodriver	INFO	Listening on 127.0.0.1:54679
1644339677061	mozrunner::runner	INFO	Running command: "/usr/bin/firefox" "--marionette" "-no-remote" "-profile" "/tmp/rust_mozprofileSzYIAi"
1644339678959	Marionette	INFO	Marionette enabled
console.warn: SearchSettings: "get: No settings file exists, new profile?" (new NotFoundError("Could not open the file at /tmp/rust_mozprofileSzYIAi/search.json.mozlz4", (void 0)))
1644339681783	Marionette	INFO	Listening on port 42835
1644339681902	RemoteAgent	WARN	TLS certificate errors will be ignored for this session
1644339685358	Marionette	INFO	Stopped listening on port 43929
console.warn: TopSitesFeed: Failed to fetch data from Contile server: NetworkError when attempting to fetch resource.
1644339731108	geckodriver	INFO	Listening on 127.0.0.1:53265
1644339731122	mozrunner::runner	INFO	Running command: "/usr/bin/firefox" "--marionette" "-no-remote" "-profile" "/tmp/rust_mozprofileHNxv0Y"
1644339733005	Marionette	INFO	Marionette enabled
console.warn: SearchSettings: "get: No settings file exists, new profile?" (new NotFoundError("Could not open the file at /tmp/rust_mozprofileHNxv0Y/search.json.mozlz4", (void 0)))
1644339735788	Marionette	INFO	Listening on port 36015
1644339735860	RemoteAgent	WARN	TLS certificate errors will be ignored for this session
1644339736434	Marionette	INFO	Stopped listening on port 42835
console.warn: TopSitesFeed: Failed to fetch data from Contile server: NetworkError when attempting to fetch resource.

###!!! [Parent][RunMessage] Error: Channel closing: too late to send/recv, messages will be lost

console.warn: LoginRecipes: "getRecipes: falling back to a synchronous message for:" "https://www.monster.com"
SourceActor threw an exception: [Exception... "Component returned failure code: 0x80470002 (NS_BASE_STREAM_CLOSED) [nsIInputStream.available]"  nsresult: "0x80470002 (NS_BASE_STREAM_CLOSED)"  location: "JS frame :: resource://devtools/shared/DevToolsUtils.js :: onResponse :: line 567"  data: no]
Stack: onResponse@resource://devtools/shared/DevToolsUtils.js:567:34
onStopRequest@resource://gre/modules/NetUtil.jsm:128:18
Line: 567, column: 0
console.error: ({})
JavaScript error: resource://devtools/shared/DevToolsUtils.js, line 567: NS_BASE_STREAM_CLOSED: Component returned failure code: 0x80470002 (NS_BASE_STREAM_CLOSED) [nsIInputStream.available]
JavaScript error: resource://gre/modules/AsyncShutdown.jsm, line 575: NotFoundError: No such JSWindowActor 'DevToolsFrame'
1644339855744	Marionette	INFO	Stopped listening on port 36015
1644339860032	geckodriver	INFO	Listening on 127.0.0.1:35511
1644339860042	mozrunner::runner	INFO	Running command: "/usr/bin/firefox" "--marionette" "-no-remote" "-profile" "/tmp/rust_mozprofileF4drOX"
1644339861824	Marionette	INFO	Marionette enabled
console.warn: SearchSettings: "get: No settings file exists, new profile?" (new NotFoundError("Could not open the file at /tmp/rust_mozprofileF4drOX/search.json.mozlz4", (void 0)))
1644339864631	Marionette	INFO	Listening on port 39979
1644339864678	RemoteAgent	WARN	TLS certificate errors will be ignored for this session
1644339934626	Marionette	INFO	Stopped listening on port 39979
console.warn: TopSitesFeed: Failed to fetch data from Contile server: NetworkError when attempting to fetch resource.
1644339939281	geckodriver	INFO	Listening on 127.0.0.1:36597
1644339939292	mozrunner::runner	INFO	Running command: "/usr/bin/firefox" "--marionette" "-no-remote" "-profile" "/tmp/rust_mozprofilezPlBiw"
1644339941074	Marionette	INFO	Marionette enabled
console.warn: SearchSettings: "get: No settings file exists, new profile?" (new NotFoundError("Could not open the file at /tmp/rust_mozprofilezPlBiw/search.json.mozlz4", (void 0)))
1644339944055	Marionette	INFO	Listening on port 37453
1644339944266	RemoteAgent	WARN	TLS certificate errors will be ignored for this session
1644340036552	Marionette	INFO	Stopped listening on port 37453
console.warn: TopSitesFeed: Failed to fetch data from Contile server: NetworkError when attempting to fetch resource.

###!!! [Parent][RunMessage] Error: Channel closing: too late to send/recv, messages will be lost

1644340043133	geckodriver	INFO	Listening on 127.0.0.1:46619
1644340043149	mozrunner::runner	INFO	Running command: "/usr/bin/firefox" "--marionette" "-no-remote" "-profile" "/tmp/rust_mozprofile4mnEqj"
1644340045089	Marionette	INFO	Marionette enabled
console.warn: SearchSettings: "get: No settings file exists, new profile?" (new NotFoundError("Could not open the file at /tmp/rust_mozprofile4mnEqj/search.json.mozlz4", (void 0)))
1644340048023	Marionette	INFO	Listening on port 39801
1644340048088	RemoteAgent	WARN	TLS certificate errors will be ignored for this session
1644340109730	Marionette	INFO	Stopped listening on port 39801
console.warn: TopSitesFeed: Failed to fetch data from Contile server: NetworkError when attempting to fetch resource.

###!!! [Parent][RunMessage] Error: Channel closing: too late to send/recv, messages will be lost

1644340114116	geckodriver	INFO	Listening on 127.0.0.1:46915
1644340114127	mozrunner::runner	INFO	Running command: "/usr/bin/firefox" "--marionette" "-no-remote" "-profile" "/tmp/rust_mozprofileNkODll"
1644340115968	Marionette	INFO	Marionette enabled
console.warn: SearchSettings: "get: No settings file exists, new profile?" (new NotFoundError("Could not open the file at /tmp/rust_mozprofileNkODll/search.json.mozlz4", (void 0)))
1644340118812	Marionette	INFO	Listening on port 45265
1644340118875	RemoteAgent	WARN	TLS certificate errors will be ignored for this session
1644340179625	Marionette	INFO	Stopped listening on port 45265
console.warn: TopSitesFeed: Failed to fetch data from Contile server: NetworkError when attempting to fetch resource.

###!!! [Parent][RunMessage] Error: Channel closing: too late to send/recv, messages will be lost

1644340183651	geckodriver	INFO	Listening on 127.0.0.1:59765
1644340183661	mozrunner::runner	INFO	Running command: "/usr/bin/firefox" "--marionette" "-no-remote" "-profile" "/tmp/rust_mozprofilerEfLjQ"
1644340185565	Marionette	INFO	Marionette enabled
console.warn: SearchSettings: "get: No settings file exists, new profile?" (new NotFoundError("Could not open the file at /tmp/rust_mozprofilerEfLjQ/search.json.mozlz4", (void 0)))
1644340188264	Marionette	INFO	Listening on port 38613
1644340188439	RemoteAgent	WARN	TLS certificate errors will be ignored for this session
1644340225539	Marionette	INFO	Stopped listening on port 38613
console.warn: TopSitesFeed: Failed to fetch data from Contile server: NetworkError when attempting to fetch resource.
1644340229222	geckodriver	INFO	Listening on 127.0.0.1:41837
1644340229233	mozrunner::runner	INFO	Running command: "/usr/bin/firefox" "--marionette" "-no-remote" "-profile" "/tmp/rust_mozprofilePKbGuk"
1644340231094	Marionette	INFO	Marionette enabled
console.warn: SearchSettings: "get: No settings file exists, new profile?" (new NotFoundError("Could not open the file at /tmp/rust_mozprofilePKbGuk/search.json.mozlz4", (void 0)))
1644340234206	Marionette	INFO	Listening on port 35141
1644340234275	RemoteAgent	WARN	TLS certificate errors will be ignored for this session
1644340350045	Marionette	INFO	Stopped listening on port 35141
console.warn: TopSitesFeed: Failed to fetch data from Contile server: NetworkError when attempting to fetch resource.

###!!! [Parent][RunMessage] Error: Channel closing: too late to send/recv, messages will be lost

1644340358247	geckodriver	INFO	Listening on 127.0.0.1:59575
1644340358260	mozrunner::runner	INFO	Running command: "/usr/bin/firefox" "--marionette" "-no-remote" "-profile" "/tmp/rust_mozprofileYZozyj"
1644340360050	Marionette	INFO	Marionette enabled
console.warn: SearchSettings: "get: No settings file exists, new profile?" (new NotFoundError("Could not open the file at /tmp/rust_mozprofileYZozyj/search.json.mozlz4", (void 0)))
1644340362878	Marionette	INFO	Listening on port 36429
1644340362993	RemoteAgent	WARN	TLS certificate errors will be ignored for this session
1644340403977	geckodriver	INFO	Listening on 127.0.0.1:40531
1644340403987	mozrunner::runner	INFO	Running command: "/usr/bin/firefox" "--marionette" "-no-remote" "-profile" "/tmp/rust_mozprofilevhK7lI"
1644340405897	Marionette	INFO	Marionette enabled
console.warn: SearchSettings: "get: No settings file exists, new profile?" (new NotFoundError("Could not open the file at /tmp/rust_mozprofilevhK7lI/search.json.mozlz4", (void 0)))
1644340408670	Marionette	INFO	Listening on port 36303
1644340408727	RemoteAgent	WARN	TLS certificate errors will be ignored for this session
1644340443174	Marionette	INFO	Stopped listening on port 36429
console.warn: TopSitesFeed: Failed to fetch data from Contile server: NetworkError when attempting to fetch resource.
1644340448807	Marionette	INFO	Stopped listening on port 36303
console.warn: TopSitesFeed: Failed to fetch data from Contile server: NetworkError when attempting to fetch resource.

###!!! [Parent][RunMessage] Error: Channel closing: too late to send/recv, messages will be lost

1644340488504	geckodriver	INFO	Listening on 127.0.0.1:54893
1644340488516	mozrunner::runner	INFO	Running command: "/usr/bin/firefox" "--marionette" "-no-remote" "-profile" "/tmp/rust_mozprofileCBYt0f"
1644340490667	Marionette	INFO	Marionette enabled
console.warn: SearchSettings: "get: No settings file exists, new profile?" (new NotFoundError("Could not open the file at /tmp/rust_mozprofileCBYt0f/search.json.mozlz4", (void 0)))
1644340493585	Marionette	INFO	Listening on port 41659
1644340493655	RemoteAgent	WARN	TLS certificate errors will be ignored for this session
SourceActor threw an exception: [Exception... "Component returned failure code: 0x80470002 (NS_BASE_STREAM_CLOSED) [nsIInputStream.available]"  nsresult: "0x80470002 (NS_BASE_STREAM_CLOSED)"  location: "JS frame :: resource://devtools/shared/DevToolsUtils.js :: onResponse :: line 567"  data: no]
Stack: onResponse@resource://devtools/shared/DevToolsUtils.js:567:34
onStopRequest@resource://gre/modules/NetUtil.jsm:128:18
Line: 567, column: 0
console.error: ({})
JavaScript error: resource://devtools/shared/DevToolsUtils.js, line 567: NS_BASE_STREAM_CLOSED: Component returned failure code: 0x80470002 (NS_BASE_STREAM_CLOSED) [nsIInputStream.available]
JavaScript error: resource://gre/actors/AutoCompleteChild.jsm, line 125: Error: Invalid autocomplete selectedIndex
JavaScript error: resource://gre/actors/AutoCompleteChild.jsm, line 125: Error: Invalid autocomplete selectedIndex
JavaScript error: resource://gre/actors/AutoCompleteChild.jsm, line 125: Error: Invalid autocomplete selectedIndex
JavaScript error: resource://gre/actors/AutoCompleteChild.jsm, line 125: Error: Invalid autocomplete selectedIndex
JavaScript error: resource://gre/actors/AutoCompleteChild.jsm, line 125: Error: Invalid autocomplete selectedIndex
JavaScript error: resource://gre/actors/AutoCompleteChild.jsm, line 125: Error: Invalid autocomplete selectedIndex
console.warn: LoginRecipes: "getRecipes: falling back to a synchronous message for:" "https://www.monster.com"
1644341181001	geckodriver	INFO	Listening on 127.0.0.1:35195
1644341181097	mozrunner::runner	INFO	Running command: "/usr/bin/firefox" "--marionette" "-no-remote" "-profile" "/tmp/rust_mozprofileL2OX9Q"
1644341182982	Marionette	INFO	Marionette enabled
console.warn: SearchSettings: "get: No settings file exists, new profile?" (new NotFoundError("Could not open the file at /tmp/rust_mozprofileL2OX9Q/search.json.mozlz4", (void 0)))
1644341185721	Marionette	INFO	Listening on port 35821
1644341186000	RemoteAgent	WARN	TLS certificate errors will be ignored for this session
1644341241810	Marionette	INFO	Stopped listening on port 35821
console.warn: TopSitesFeed: Failed to fetch data from Contile server: NetworkError when attempting to fetch resource.

###!!! [Parent][RunMessage] Error: Channel closing: too late to send/recv, messages will be lost

JavaScript error: resource://gre/modules/AsyncShutdown.jsm, line 575: NotFoundError: No such JSWindowActor 'DevToolsFrame'
1644341510143	Marionette	INFO	Stopped listening on port 41659

###!!! [Parent][RunMessage] Error: Channel closing: too late to send/recv, messages will be lost

1644341515475	geckodriver	INFO	Listening on 127.0.0.1:49453
1644341515485	mozrunner::runner	INFO	Running command: "/usr/bin/firefox" "--marionette" "-no-remote" "-profile" "/tmp/rust_mozprofileXOK9Ca"
1644341517392	Marionette	INFO	Marionette enabled
console.warn: SearchSettings: "get: No settings file exists, new profile?" (new NotFoundError("Could not open the file at /tmp/rust_mozprofileXOK9Ca/search.json.mozlz4", (void 0)))
1644341520293	Marionette	INFO	Listening on port 44891
1644341520328	RemoteAgent	WARN	TLS certificate errors will be ignored for this session
1644341554874	geckodriver	INFO	Listening on 127.0.0.1:33485
1644341554885	mozrunner::runner	INFO	Running command: "/usr/bin/firefox" "--marionette" "-no-remote" "-profile" "/tmp/rust_mozprofiley3SqFS"
1644341556734	Marionette	INFO	Marionette enabled
console.warn: SearchSettings: "get: No settings file exists, new profile?" (new NotFoundError("Could not open the file at /tmp/rust_mozprofiley3SqFS/search.json.mozlz4", (void 0)))
1644341559929	Marionette	INFO	Listening on port 41783
1644341560026	RemoteAgent	WARN	TLS certificate errors will be ignored for this session
1644341637018	geckodriver	INFO	Listening on 127.0.0.1:38367
1644341637026	mozrunner::runner	INFO	Running command: "/usr/bin/firefox" "--marionette" "-no-remote" "-profile" "/tmp/rust_mozprofiledwPAFa"
1644341638866	Marionette	INFO	Marionette enabled
console.warn: SearchSettings: "get: No settings file exists, new profile?" (new NotFoundError("Could not open the file at /tmp/rust_mozprofiledwPAFa/search.json.mozlz4", (void 0)))
1644341641716	Marionette	INFO	Listening on port 46321
1644341641769	RemoteAgent	WARN	TLS certificate errors will be ignored for this session
SourceActor threw an exception: [Exception... "Component returned failure code: 0x80470002 (NS_BASE_STREAM_CLOSED) [nsIInputStream.available]"  nsresult: "0x80470002 (NS_BASE_STREAM_CLOSED)"  location: "JS frame :: resource://devtools/shared/DevToolsUtils.js :: onResponse :: line 567"  data: no]
Stack: onResponse@resource://devtools/shared/DevToolsUtils.js:567:34
onStopRequest@resource://gre/modules/NetUtil.jsm:128:18
Line: 567, column: 0
console.error: ({})
JavaScript error: resource://devtools/shared/DevToolsUtils.js, line 567: NS_BASE_STREAM_CLOSED: Component returned failure code: 0x80470002 (NS_BASE_STREAM_CLOSED) [nsIInputStream.available]
JavaScript error: resource://gre/modules/AsyncShutdown.jsm, line 575: NotFoundError: No such JSWindowActor 'DevToolsFrame'
1644341863440	Marionette	INFO	Stopped listening on port 46321

###!!! [Parent][RunMessage] Error: Channel closing: too late to send/recv, messages will be lost

1644341864521	Marionette	INFO	Stopped listening on port 41783
console.warn: TopSitesFeed: Failed to fetch data from Contile server: NetworkError when attempting to fetch resource.

###!!! [Parent][RunMessage] Error: Channel closing: too late to send/recv, messages will be lost

1644341865500	Marionette	INFO	Stopped listening on port 44891
console.warn: TopSitesFeed: Failed to fetch data from Contile server: NetworkError when attempting to fetch resource.
1644341872925	geckodriver	INFO	Listening on 127.0.0.1:44615
1644341872936	mozrunner::runner	INFO	Running command: "/usr/bin/firefox" "--marionette" "-no-remote" "-profile" "/tmp/rust_mozprofileea5r3W"
1644341874856	Marionette	INFO	Marionette enabled
console.warn: SearchSettings: "get: No settings file exists, new profile?" (new NotFoundError("Could not open the file at /tmp/rust_mozprofileea5r3W/search.json.mozlz4", (void 0)))
1644341877723	Marionette	INFO	Listening on port 37495
1644341877770	RemoteAgent	WARN	TLS certificate errors will be ignored for this session
console.warn: LoginRecipes: "getRecipes: falling back to a synchronous message for:" "https://www.monster.com"
SourceActor threw an exception: [Exception... "Component returned failure code: 0x80470002 (NS_BASE_STREAM_CLOSED) [nsIInputStream.available]"  nsresult: "0x80470002 (NS_BASE_STREAM_CLOSED)"  location: "JS frame :: resource://devtools/shared/DevToolsUtils.js :: onResponse :: line 567"  data: no]
Stack: onResponse@resource://devtools/shared/DevToolsUtils.js:567:34
onStopRequest@resource://gre/modules/NetUtil.jsm:128:18
Line: 567, column: 0
console.error: ({})
JavaScript error: resource://devtools/shared/DevToolsUtils.js, line 567: NS_BASE_STREAM_CLOSED: Component returned failure code: 0x80470002 (NS_BASE_STREAM_CLOSED) [nsIInputStream.available]
JavaScript error: resource://gre/actors/AutoCompleteChild.jsm, line 125: Error: Invalid autocomplete selectedIndex
JavaScript error: resource://gre/actors/AutoCompleteChild.jsm, line 125: Error: Invalid autocomplete selectedIndex
JavaScript error: resource://gre/actors/AutoCompleteChild.jsm, line 125: Error: Invalid autocomplete selectedIndex
JavaScript error: resource://gre/actors/AutoCompleteChild.jsm, line 125: Error: Invalid autocomplete selectedIndex
JavaScript error: resource://gre/actors/AutoCompleteChild.jsm, line 125: Error: Invalid autocomplete selectedIndex
JavaScript error: resource://gre/actors/AutoCompleteChild.jsm, line 125: Error: Invalid autocomplete selectedIndex
JavaScript error: resource://gre/actors/AutoCompleteChild.jsm, line 125: Error: Invalid autocomplete selectedIndex
JavaScript error: resource://gre/actors/AutoCompleteChild.jsm, line 125: Error: Invalid autocomplete selectedIndex
JavaScript error: resource://gre/modules/AsyncShutdown.jsm, line 575: NotFoundError: No such JSWindowActor 'DevToolsFrame'
1644342228716	Marionette	INFO	Stopped listening on port 37495

###!!! [Child][RunMessage] Error: Channel closing: too late to send/recv, messages will be lost


###!!! [Parent][RunMessage] Error: Channel closing: too late to send/recv, messages will be lost

1644342404032	geckodriver	INFO	Listening on 127.0.0.1:56581
1644342404040	mozrunner::runner	INFO	Running command: "/usr/bin/firefox" "--marionette" "-no-remote" "-profile" "/tmp/rust_mozprofileKJu1wE"
1644342405972	Marionette	INFO	Marionette enabled
console.warn: SearchSettings: "get: No settings file exists, new profile?" (new NotFoundError("Could not open the file at /tmp/rust_mozprofileKJu1wE/search.json.mozlz4", (void 0)))
1644342408807	Marionette	INFO	Listening on port 46759
1644342409021	RemoteAgent	WARN	TLS certificate errors will be ignored for this session
1644342432156	Marionette	INFO	Stopped listening on port 46759
console.warn: TopSitesFeed: Failed to fetch data from Contile server: NetworkError when attempting to fetch resource.
1644342433777	geckodriver	INFO	Listening on 127.0.0.1:35561
1644342433786	mozrunner::runner	INFO	Running command: "/usr/bin/firefox" "--marionette" "-no-remote" "-profile" "/tmp/rust_mozprofileIlb9R2"
1644342435605	Marionette	INFO	Marionette enabled
console.warn: SearchSettings: "get: No settings file exists, new profile?" (new NotFoundError("Could not open the file at /tmp/rust_mozprofileIlb9R2/search.json.mozlz4", (void 0)))
1644342438580	Marionette	INFO	Listening on port 33563
1644342438632	RemoteAgent	WARN	TLS certificate errors will be ignored for this session
JavaScript error: https://life-cm.com/welcome/js/main.js, line 32: TypeError: backToTo is null
JavaScript error: https://life-cm.com/welcome/js/main.js, line 32: TypeError: backToTo is null
JavaScript error: https://life-cm.com/welcome/js/main.js, line 32: TypeError: backToTo is null
JavaScript error: https://life-cm.com/welcome/js/main.js, line 32: TypeError: backToTo is null
JavaScript error: https://life-cm.com/welcome/js/main.js, line 32: TypeError: backToTo is null
JavaScript error: https://life-cm.com/welcome/js/main.js, line 32: TypeError: backToTo is null
JavaScript error: https://life-cm.com/welcome/js/main.js, line 32: TypeError: backToTo is null
JavaScript error: https://life-cm.com/welcome/js/main.js, line 32: TypeError: backToTo is null
JavaScript error: https://life-cm.com/welcome/js/main.js, line 32: TypeError: backToTo is null
JavaScript error: https://life-cm.com/welcome/js/main.js, line 32: TypeError: backToTo is null
JavaScript error: https://life-cm.com/welcome/js/main.js, line 32: TypeError: backToTo is null
JavaScript error: https://life-cm.com/welcome/js/main.js, line 32: TypeError: backToTo is null
JavaScript error: https://life-cm.com/welcome/js/main.js, line 32: TypeError: backToTo is null
JavaScript error: https://life-cm.com/welcome/js/main.js, line 32: TypeError: backToTo is null
JavaScript error: https://life-cm.com/welcome/js/main.js, line 32: TypeError: backToTo is null
JavaScript error: https://life-cm.com/welcome/js/main.js, line 32: TypeError: backToTo is null
JavaScript error: https://life-cm.com/welcome/js/main.js, line 32: TypeError: backToTo is null
JavaScript error: https://life-cm.com/welcome/js/main.js, line 32: TypeError: backToTo is null
JavaScript error: https://life-cm.com/welcome/js/main.js, line 30: TypeError: backToTo is null
JavaScript error: https://life-cm.com/welcome/js/main.js, line 30: TypeError: backToTo is null
JavaScript error: https://life-cm.com/welcome/js/main.js, line 30: TypeError: backToTo is null
JavaScript error: https://life-cm.com/welcome/js/main.js, line 30: TypeError: backToTo is null
JavaScript error: https://life-cm.com/welcome/js/main.js, line 30: TypeError: backToTo is null
JavaScript error: https://life-cm.com/welcome/js/main.js, line 30: TypeError: backToTo is null
JavaScript error: https://life-cm.com/welcome/js/main.js, line 30: TypeError: backToTo is null
JavaScript error: https://life-cm.com/welcome/js/main.js, line 30: TypeError: backToTo is null
JavaScript error: https://life-cm.com/welcome/js/main.js, line 30: TypeError: backToTo is null
JavaScript error: https://life-cm.com/welcome/js/main.js, line 30: TypeError: backToTo is null
JavaScript error: https://life-cm.com/welcome/js/main.js, line 30: TypeError: backToTo is null
JavaScript error: https://life-cm.com/welcome/js/main.js, line 30: TypeError: backToTo is null
JavaScript error: https://life-cm.com/welcome/js/main.js, line 30: TypeError: backToTo is null
JavaScript error: https://life-cm.com/welcome/js/main.js, line 30: TypeError: backToTo is null
JavaScript error: https://life-cm.com/welcome/js/main.js, line 30: TypeError: backToTo is null
JavaScript error: https://life-cm.com/welcome/js/main.js, line 30: TypeError: backToTo is null
JavaScript error: https://life-cm.com/welcome/js/main.js, line 30: TypeError: backToTo is null
JavaScript error: https://life-cm.com/welcome/js/main.js, line 32: TypeError: backToTo is null
1644342457509	Marionette	INFO	Stopped listening on port 33563
console.warn: TopSitesFeed: Failed to fetch data from Contile server: NetworkError when attempting to fetch resource.
1644342467432	geckodriver	INFO	Listening on 127.0.0.1:60435
1644342467441	mozrunner::runner	INFO	Running command: "/usr/bin/firefox" "--marionette" "-no-remote" "-profile" "/tmp/rust_mozprofileMbRwvf"
1644342469296	Marionette	INFO	Marionette enabled
console.warn: SearchSettings: "get: No settings file exists, new profile?" (new NotFoundError("Could not open the file at /tmp/rust_mozprofileMbRwvf/search.json.mozlz4", (void 0)))
1644342472261	Marionette	INFO	Listening on port 38497
1644342472381	RemoteAgent	WARN	TLS certificate errors will be ignored for this session
JavaScript error: https://life-cm.com/welcome/js/main.js, line 32: TypeError: backToTo is null
JavaScript error: https://life-cm.com/welcome/js/main.js, line 30: TypeError: backToTo is null
JavaScript error: https://life-cm.com/welcome/js/main.js, line 30: TypeError: backToTo is null
JavaScript error: https://life-cm.com/welcome/js/main.js, line 30: TypeError: backToTo is null
JavaScript error: https://life-cm.com/welcome/js/main.js, line 30: TypeError: backToTo is null
JavaScript error: https://life-cm.com/welcome/js/main.js, line 30: TypeError: backToTo is null
JavaScript error: https://life-cm.com/welcome/js/main.js, line 30: TypeError: backToTo is null
JavaScript error: https://life-cm.com/welcome/js/main.js, line 30: TypeError: backToTo is null
JavaScript error: https://life-cm.com/welcome/js/main.js, line 30: TypeError: backToTo is null
JavaScript error: https://life-cm.com/welcome/js/main.js, line 30: TypeError: backToTo is null
JavaScript error: https://life-cm.com/welcome/js/main.js, line 30: TypeError: backToTo is null
JavaScript error: https://life-cm.com/welcome/js/main.js, line 30: TypeError: backToTo is null
JavaScript error: https://life-cm.com/welcome/js/main.js, line 30: TypeError: backToTo is null
JavaScript error: https://life-cm.com/welcome/js/main.js, line 30: TypeError: backToTo is null
JavaScript error: https://life-cm.com/welcome/js/main.js, line 30: TypeError: backToTo is null
JavaScript error: https://life-cm.com/welcome/js/main.js, line 30: TypeError: backToTo is null
JavaScript error: https://life-cm.com/welcome/js/main.js, line 30: TypeError: backToTo is null
JavaScript error: https://life-cm.com/welcome/js/main.js, line 30: TypeError: backToTo is null
JavaScript error: https://life-cm.com/welcome/js/main.js, line 30: TypeError: backToTo is null
JavaScript error: https://life-cm.com/welcome/js/main.js, line 30: TypeError: backToTo is null
JavaScript error: https://life-cm.com/welcome/js/main.js, line 30: TypeError: backToTo is null
JavaScript error: https://life-cm.com/welcome/js/main.js, line 30: TypeError: backToTo is null
JavaScript error: https://life-cm.com/welcome/js/main.js, line 30: TypeError: backToTo is null
JavaScript error: https://life-cm.com/welcome/js/main.js, line 30: TypeError: backToTo is null
JavaScript error: https://life-cm.com/welcome/js/main.js, line 30: TypeError: backToTo is null
1644342491121	Marionette	INFO	Stopped listening on port 38497
console.warn: TopSitesFeed: Failed to fetch data from Contile server: NetworkError when attempting to fetch resource.

###!!! [Parent][RunMessage] Error: Channel closing: too late to send/recv, messages will be lost

1644342504243	geckodriver	INFO	Listening on 127.0.0.1:55883
1644342504251	mozrunner::runner	INFO	Running command: "/usr/bin/firefox" "--marionette" "-no-remote" "-profile" "/tmp/rust_mozprofile9ptXXf"
1644342506121	Marionette	INFO	Marionette enabled
console.warn: SearchSettings: "get: No settings file exists, new profile?" (new NotFoundError("Could not open the file at /tmp/rust_mozprofile9ptXXf/search.json.mozlz4", (void 0)))
1644342509462	Marionette	INFO	Listening on port 42487
1644342509503	RemoteAgent	WARN	TLS certificate errors will be ignored for this session
JavaScript error: https://life-cm.com/welcome/js/main.js, line 30: TypeError: backToTo is null
JavaScript error: https://life-cm.com/welcome/js/main.js, line 30: TypeError: backToTo is null
JavaScript error: https://life-cm.com/welcome/js/main.js, line 30: TypeError: backToTo is null
JavaScript error: https://life-cm.com/welcome/js/main.js, line 30: TypeError: backToTo is null
JavaScript error: https://life-cm.com/welcome/js/main.js, line 30: TypeError: backToTo is null
JavaScript error: https://life-cm.com/welcome/js/main.js, line 30: TypeError: backToTo is null
JavaScript error: https://life-cm.com/welcome/js/main.js, line 30: TypeError: backToTo is null
JavaScript error: https://life-cm.com/welcome/js/main.js, line 30: TypeError: backToTo is null
JavaScript error: https://life-cm.com/welcome/js/main.js, line 30: TypeError: backToTo is null
JavaScript error: https://life-cm.com/welcome/js/main.js, line 30: TypeError: backToTo is null
JavaScript error: https://life-cm.com/welcome/js/main.js, line 30: TypeError: backToTo is null
JavaScript error: https://life-cm.com/welcome/js/main.js, line 30: TypeError: backToTo is null
JavaScript error: https://life-cm.com/welcome/js/main.js, line 30: TypeError: backToTo is null
JavaScript error: https://life-cm.com/welcome/js/main.js, line 30: TypeError: backToTo is null
JavaScript error: https://life-cm.com/welcome/js/main.js, line 30: TypeError: backToTo is null
JavaScript error: https://life-cm.com/welcome/js/main.js, line 30: TypeError: backToTo is null
JavaScript error: https://life-cm.com/welcome/js/main.js, line 30: TypeError: backToTo is null
JavaScript error: https://life-cm.com/welcome/js/main.js, line 30: TypeError: backToTo is null
JavaScript error: https://life-cm.com/welcome/js/main.js, line 30: TypeError: backToTo is null
JavaScript error: https://life-cm.com/welcome/js/main.js, line 30: TypeError: backToTo is null
JavaScript error: https://life-cm.com/welcome/js/main.js, line 30: TypeError: backToTo is null
JavaScript error: https://life-cm.com/welcome/js/main.js, line 30: TypeError: backToTo is null
JavaScript error: https://life-cm.com/welcome/js/main.js, line 30: TypeError: backToTo is null
JavaScript error: https://life-cm.com/welcome/js/main.js, line 30: TypeError: backToTo is null
JavaScript error: https://life-cm.com/welcome/js/main.js, line 30: TypeError: backToTo is null
JavaScript error: https://life-cm.com/welcome/js/main.js, line 30: TypeError: backToTo is null
JavaScript error: https://life-cm.com/welcome/js/main.js, line 30: TypeError: backToTo is null
JavaScript error: https://life-cm.com/welcome/js/main.js, line 30: TypeError: backToTo is null
JavaScript error: https://life-cm.com/welcome/js/main.js, line 30: TypeError: backToTo is null
JavaScript error: https://life-cm.com/welcome/js/main.js, line 30: TypeError: backToTo is null
JavaScript error: https://life-cm.com/welcome/js/main.js, line 30: TypeError: backToTo is null
JavaScript error: https://life-cm.com/welcome/js/main.js, line 30: TypeError: backToTo is null
1644342520882	Marionette	INFO	Stopped listening on port 42487
console.warn: TopSitesFeed: Failed to fetch data from Contile server: NetworkError when attempting to fetch resource.
1644342743135	geckodriver	INFO	Listening on 127.0.0.1:49265
1644342743143	mozrunner::runner	INFO	Running command: "/usr/bin/firefox" "--marionette" "-no-remote" "-profile" "/tmp/rust_mozprofileiZb33b"
1644342744991	Marionette	INFO	Marionette enabled
console.warn: SearchSettings: "get: No settings file exists, new profile?" (new NotFoundError("Could not open the file at /tmp/rust_mozprofileiZb33b/search.json.mozlz4", (void 0)))
1644342747962	Marionette	INFO	Listening on port 37221
1644342748081	RemoteAgent	WARN	TLS certificate errors will be ignored for this session
JavaScript error: https://life-cm.com/welcome/js/main.js, line 30: TypeError: backToTo is null
JavaScript error: https://life-cm.com/welcome/js/main.js, line 30: TypeError: backToTo is null
JavaScript error: https://life-cm.com/welcome/js/main.js, line 30: TypeError: backToTo is null
JavaScript error: https://life-cm.com/welcome/js/main.js, line 30: TypeError: backToTo is null
JavaScript error: https://life-cm.com/welcome/js/main.js, line 30: TypeError: backToTo is null
JavaScript error: https://life-cm.com/welcome/js/main.js, line 30: TypeError: backToTo is null
JavaScript error: https://life-cm.com/welcome/js/main.js, line 30: TypeError: backToTo is null
JavaScript error: https://life-cm.com/welcome/js/main.js, line 30: TypeError: backToTo is null
JavaScript error: https://life-cm.com/welcome/js/main.js, line 30: TypeError: backToTo is null
JavaScript error: https://life-cm.com/welcome/js/main.js, line 30: TypeError: backToTo is null
JavaScript error: https://life-cm.com/welcome/js/main.js, line 30: TypeError: backToTo is null
JavaScript error: https://life-cm.com/welcome/js/main.js, line 30: TypeError: backToTo is null
JavaScript error: https://life-cm.com/welcome/js/main.js, line 30: TypeError: backToTo is null
JavaScript error: https://life-cm.com/welcome/js/main.js, line 30: TypeError: backToTo is null
JavaScript error: https://life-cm.com/welcome/js/main.js, line 30: TypeError: backToTo is null
JavaScript error: https://life-cm.com/welcome/js/main.js, line 30: TypeError: backToTo is null
JavaScript error: https://life-cm.com/welcome/js/main.js, line 30: TypeError: backToTo is null
JavaScript error: https://life-cm.com/welcome/js/main.js, line 30: TypeError: backToTo is null
JavaScript error: https://life-cm.com/welcome/js/main.js, line 30: TypeError: backToTo is null
JavaScript error: https://life-cm.com/welcome/js/main.js, line 30: TypeError: backToTo is null
JavaScript error: https://life-cm.com/welcome/js/main.js, line 30: TypeError: backToTo is null
JavaScript error: https://life-cm.com/welcome/js/main.js, line 30: TypeError: backToTo is null
JavaScript error: https://life-cm.com/welcome/js/main.js, line 30: TypeError: backToTo is null
JavaScript error: https://life-cm.com/welcome/js/main.js, line 30: TypeError: backToTo is null
JavaScript error: https://life-cm.com/welcome/js/main.js, line 30: TypeError: backToTo is null
JavaScript error: https://life-cm.com/welcome/js/main.js, line 30: TypeError: backToTo is null
JavaScript error: https://life-cm.com/welcome/js/main.js, line 30: TypeError: backToTo is null
JavaScript error: https://life-cm.com/welcome/js/main.js, line 30: TypeError: backToTo is null
JavaScript error: https://life-cm.com/welcome/js/main.js, line 30: TypeError: backToTo is null
JavaScript error: https://life-cm.com/welcome/js/main.js, line 30: TypeError: backToTo is null
JavaScript error: https://life-cm.com/welcome/js/main.js, line 30: TypeError: backToTo is null
JavaScript error: https://life-cm.com/welcome/js/main.js, line 30: TypeError: backToTo is null
JavaScript error: https://life-cm.com/welcome/js/main.js, line 30: TypeError: backToTo is null
